{"/Users/marceloramos/Documents/ProgramaçãoPessoal/TekeverProject/tvshow-tracker-frontend/src/App.jsx": {"path":"/Users/marceloramos/Documents/ProgramaçãoPessoal/TekeverProject/tvshow-tracker-frontend/src/App.jsx","statementMap":{"0":{"start":{"line":21,"column":31},"end":{"line":81,"column":1}},"1":{"start":{"line":22,"column":69},"end":{"line":22,"column":90}},"2":{"start":{"line":23,"column":30},"end":{"line":23,"column":39}},"3":{"start":{"line":24,"column":24},"end":{"line":24,"column":38}},"4":{"start":{"line":26,"column":2},"end":{"line":35,"column":3}},"5":{"start":{"line":27,"column":4},"end":{"line":34,"column":6}},"6":{"start":{"line":37,"column":2},"end":{"line":46,"column":3}},"7":{"start":{"line":38,"column":4},"end":{"line":45,"column":6}},"8":{"start":{"line":48,"column":2},"end":{"line":54,"column":3}},"9":{"start":{"line":49,"column":4},"end":{"line":53,"column":6}},"10":{"start":{"line":56,"column":2},"end":{"line":65,"column":3}},"11":{"start":{"line":57,"column":4},"end":{"line":64,"column":6}},"12":{"start":{"line":67,"column":2},"end":{"line":80,"column":4}},"13":{"start":{"line":76,"column":10},"end":{"line":76,"column":52}},"14":{"start":{"line":84,"column":24},"end":{"line":180,"column":1}},"15":{"start":{"line":85,"column":36},"end":{"line":85,"column":45}},"16":{"start":{"line":87,"column":2},"end":{"line":179,"column":4}},"17":{"start":{"line":183,"column":23},"end":{"line":200,"column":1}},"18":{"start":{"line":184,"column":2},"end":{"line":192,"column":3}},"19":{"start":{"line":185,"column":4},"end":{"line":191,"column":6}},"20":{"start":{"line":193,"column":2},"end":{"line":199,"column":4}},"21":{"start":{"line":203,"column":15},"end":{"line":268,"column":1}},"22":{"start":{"line":204,"column":2},"end":{"line":267,"column":4}},"23":{"start":{"line":271,"column":13},"end":{"line":418,"column":1}},"24":{"start":{"line":272,"column":2},"end":{"line":417,"column":4}},"25":{"start":{"line":422,"column":2},"end":{"line":429,"column":9}},"26":{"start":{"line":424,"column":4},"end":{"line":424,"column":29}},"27":{"start":{"line":426,"column":4},"end":{"line":428,"column":6}},"28":{"start":{"line":427,"column":6},"end":{"line":427,"column":30}},"29":{"start":{"line":431,"column":2},"end":{"line":450,"column":4}},"30":{"start":{"line":454,"column":15},"end":{"line":906,"column":1}}},"fnMap":{"0":{"name":"(anonymous_0)","decl":{"start":{"line":21,"column":31},"end":{"line":21,"column":32}},"loc":{"start":{"line":21,"column":37},"end":{"line":81,"column":1}},"line":21},"1":{"name":"(anonymous_1)","decl":{"start":{"line":75,"column":29},"end":{"line":75,"column":30}},"loc":{"start":{"line":76,"column":10},"end":{"line":76,"column":52}},"line":76},"2":{"name":"(anonymous_2)","decl":{"start":{"line":84,"column":24},"end":{"line":84,"column":25}},"loc":{"start":{"line":84,"column":30},"end":{"line":180,"column":1}},"line":84},"3":{"name":"(anonymous_3)","decl":{"start":{"line":183,"column":23},"end":{"line":183,"column":24}},"loc":{"start":{"line":183,"column":45},"end":{"line":200,"column":1}},"line":183},"4":{"name":"(anonymous_4)","decl":{"start":{"line":203,"column":15},"end":{"line":203,"column":16}},"loc":{"start":{"line":203,"column":21},"end":{"line":268,"column":1}},"line":203},"5":{"name":"(anonymous_5)","decl":{"start":{"line":271,"column":13},"end":{"line":271,"column":14}},"loc":{"start":{"line":271,"column":19},"end":{"line":418,"column":1}},"line":271},"6":{"name":"App","decl":{"start":{"line":421,"column":9},"end":{"line":421,"column":12}},"loc":{"start":{"line":421,"column":15},"end":{"line":451,"column":1}},"line":421},"7":{"name":"(anonymous_7)","decl":{"start":{"line":422,"column":12},"end":{"line":422,"column":13}},"loc":{"start":{"line":422,"column":18},"end":{"line":429,"column":3}},"line":422},"8":{"name":"(anonymous_8)","decl":{"start":{"line":426,"column":11},"end":{"line":426,"column":12}},"loc":{"start":{"line":426,"column":17},"end":{"line":428,"column":5}},"line":426}},"branchMap":{"0":{"loc":{"start":{"line":26,"column":2},"end":{"line":35,"column":3}},"type":"if","locations":[{"start":{"line":26,"column":2},"end":{"line":35,"column":3}},{"start":{},"end":{}}],"line":26},"1":{"loc":{"start":{"line":37,"column":2},"end":{"line":46,"column":3}},"type":"if","locations":[{"start":{"line":37,"column":2},"end":{"line":46,"column":3}},{"start":{},"end":{}}],"line":37},"2":{"loc":{"start":{"line":48,"column":2},"end":{"line":54,"column":3}},"type":"if","locations":[{"start":{"line":48,"column":2},"end":{"line":54,"column":3}},{"start":{},"end":{}}],"line":48},"3":{"loc":{"start":{"line":56,"column":2},"end":{"line":65,"column":3}},"type":"if","locations":[{"start":{"line":56,"column":2},"end":{"line":65,"column":3}},{"start":{},"end":{}}],"line":56},"4":{"loc":{"start":{"line":129,"column":11},"end":{"line":175,"column":11}},"type":"cond-expr","locations":[{"start":{"line":130,"column":12},"end":{"line":160,"column":15}},{"start":{"line":162,"column":12},"end":{"line":174,"column":18}}],"line":129},"5":{"loc":{"start":{"line":184,"column":2},"end":{"line":192,"column":3}},"type":"if","locations":[{"start":{"line":184,"column":2},"end":{"line":192,"column":3}},{"start":{},"end":{}}],"line":184}},"s":{"0":0,"1":0,"2":0,"3":0,"4":0,"5":0,"6":0,"7":0,"8":0,"9":0,"10":0,"11":0,"12":0,"13":0,"14":0,"15":0,"16":0,"17":0,"18":0,"19":0,"20":0,"21":0,"22":0,"23":0,"24":0,"25":0,"26":0,"27":0,"28":0,"29":0,"30":0},"f":{"0":0,"1":0,"2":0,"3":0,"4":0,"5":0,"6":0,"7":0,"8":0},"b":{"0":[0,0],"1":[0,0],"2":[0,0],"3":[0,0],"4":[0,0],"5":[0,0]}}
,"/Users/marceloramos/Documents/ProgramaçãoPessoal/TekeverProject/tvshow-tracker-frontend/src/components/ActorCard.jsx": {"path":"/Users/marceloramos/Documents/ProgramaçãoPessoal/TekeverProject/tvshow-tracker-frontend/src/components/ActorCard.jsx","statementMap":{"0":{"start":{"line":7,"column":18},"end":{"line":414,"column":1}},"1":{"start":{"line":8,"column":30},"end":{"line":8,"column":39}},"2":{"start":{"line":9,"column":38},"end":{"line":9,"column":73}},"3":{"start":{"line":10,"column":32},"end":{"line":10,"column":47}},"4":{"start":{"line":11,"column":38},"end":{"line":11,"column":53}},"5":{"start":{"line":12,"column":48},"end":{"line":12,"column":72}},"6":{"start":{"line":13,"column":42},"end":{"line":13,"column":54}},"7":{"start":{"line":16,"column":55},"end":{"line":16,"column":65}},"8":{"start":{"line":19,"column":2},"end":{"line":33,"column":17}},"9":{"start":{"line":20,"column":30},"end":{"line":28,"column":5}},"10":{"start":{"line":21,"column":6},"end":{"line":27,"column":7}},"11":{"start":{"line":22,"column":30},"end":{"line":22,"column":61}},"12":{"start":{"line":23,"column":25},"end":{"line":23,"column":61}},"13":{"start":{"line":24,"column":8},"end":{"line":24,"column":45}},"14":{"start":{"line":26,"column":8},"end":{"line":26,"column":69}},"15":{"start":{"line":30,"column":4},"end":{"line":32,"column":5}},"16":{"start":{"line":31,"column":6},"end":{"line":31,"column":26}},"17":{"start":{"line":37,"column":30},"end":{"line":62,"column":1}},"18":{"start":{"line":38,"column":25},"end":{"line":59,"column":3}},"19":{"start":{"line":61,"column":2},"end":{"line":61,"column":43}},"20":{"start":{"line":65,"column":26},"end":{"line":71,"column":3}},"21":{"start":{"line":66,"column":4},"end":{"line":66,"column":27}},"22":{"start":{"line":66,"column":14},"end":{"line":66,"column":27}},"23":{"start":{"line":67,"column":4},"end":{"line":67,"column":46}},"24":{"start":{"line":67,"column":33},"end":{"line":67,"column":46}},"25":{"start":{"line":68,"column":4},"end":{"line":68,"column":65}},"26":{"start":{"line":68,"column":52},"end":{"line":68,"column":65}},"27":{"start":{"line":69,"column":4},"end":{"line":69,"column":54}},"28":{"start":{"line":69,"column":41},"end":{"line":69,"column":54}},"29":{"start":{"line":70,"column":4},"end":{"line":70,"column":16}},"30":{"start":{"line":73,"column":23},"end":{"line":85,"column":3}},"31":{"start":{"line":74,"column":4},"end":{"line":74,"column":33}},"32":{"start":{"line":74,"column":20},"end":{"line":74,"column":33}},"33":{"start":{"line":75,"column":18},"end":{"line":75,"column":28}},"34":{"start":{"line":76,"column":18},"end":{"line":76,"column":37}},"35":{"start":{"line":77,"column":14},"end":{"line":77,"column":55}},"36":{"start":{"line":78,"column":22},"end":{"line":78,"column":57}},"37":{"start":{"line":80,"column":4},"end":{"line":82,"column":5}},"38":{"start":{"line":81,"column":6},"end":{"line":81,"column":12}},"39":{"start":{"line":84,"column":4},"end":{"line":84,"column":15}},"40":{"start":{"line":87,"column":30},"end":{"line":107,"column":3}},"41":{"start":{"line":88,"column":4},"end":{"line":88,"column":24}},"42":{"start":{"line":89,"column":4},"end":{"line":92,"column":5}},"43":{"start":{"line":90,"column":6},"end":{"line":90,"column":45}},"44":{"start":{"line":91,"column":6},"end":{"line":91,"column":13}},"45":{"start":{"line":94,"column":4},"end":{"line":94,"column":21}},"46":{"start":{"line":95,"column":4},"end":{"line":106,"column":5}},"47":{"start":{"line":96,"column":6},"end":{"line":96,"column":33}},"48":{"start":{"line":98,"column":6},"end":{"line":100,"column":7}},"49":{"start":{"line":99,"column":8},"end":{"line":99,"column":27}},"50":{"start":{"line":102,"column":6},"end":{"line":102,"column":57}},"51":{"start":{"line":103,"column":6},"end":{"line":103,"column":41}},"52":{"start":{"line":105,"column":6},"end":{"line":105,"column":24}},"53":{"start":{"line":109,"column":28},"end":{"line":112,"column":3}},"54":{"start":{"line":110,"column":4},"end":{"line":110,"column":31}},"55":{"start":{"line":110,"column":11},"end":{"line":110,"column":31}},"56":{"start":{"line":111,"column":4},"end":{"line":111,"column":21}},"57":{"start":{"line":114,"column":26},"end":{"line":116,"column":3}},"58":{"start":{"line":115,"column":4},"end":{"line":115,"column":24}},"59":{"start":{"line":118,"column":27},"end":{"line":129,"column":3}},"60":{"start":{"line":119,"column":4},"end":{"line":119,"column":62}},"61":{"start":{"line":121,"column":24},"end":{"line":121,"column":57}},"62":{"start":{"line":122,"column":4},"end":{"line":128,"column":5}},"63":{"start":{"line":123,"column":6},"end":{"line":123,"column":62}},"64":{"start":{"line":124,"column":6},"end":{"line":124,"column":38}},"65":{"start":{"line":125,"column":6},"end":{"line":125,"column":27}},"66":{"start":{"line":127,"column":6},"end":{"line":127,"column":26}},"67":{"start":{"line":131,"column":26},"end":{"line":134,"column":3}},"68":{"start":{"line":132,"column":4},"end":{"line":132,"column":80}},"69":{"start":{"line":133,"column":4},"end":{"line":133,"column":25}},"70":{"start":{"line":137,"column":26},"end":{"line":137,"column":112}},"71":{"start":{"line":138,"column":23},"end":{"line":138,"column":53}},"72":{"start":{"line":140,"column":2},"end":{"line":413,"column":4}},"73":{"start":{"line":155,"column":10},"end":{"line":155,"column":63}},"74":{"start":{"line":156,"column":10},"end":{"line":156,"column":74}},"75":{"start":{"line":159,"column":10},"end":{"line":159,"column":60}},"76":{"start":{"line":160,"column":10},"end":{"line":160,"column":72}},"77":{"start":{"line":184,"column":14},"end":{"line":184,"column":81}},"78":{"start":{"line":187,"column":14},"end":{"line":187,"column":68}},"79":{"start":{"line":304,"column":16},"end":{"line":350,"column":22}},"80":{"start":{"line":395,"column":12},"end":{"line":395,"column":62}},"81":{"start":{"line":398,"column":12},"end":{"line":398,"column":62}}},"fnMap":{"0":{"name":"(anonymous_0)","decl":{"start":{"line":7,"column":18},"end":{"line":7,"column":19}},"loc":{"start":{"line":7,"column":51},"end":{"line":414,"column":1}},"line":7},"1":{"name":"(anonymous_1)","decl":{"start":{"line":19,"column":12},"end":{"line":19,"column":13}},"loc":{"start":{"line":19,"column":18},"end":{"line":33,"column":3}},"line":19},"2":{"name":"(anonymous_2)","decl":{"start":{"line":20,"column":30},"end":{"line":20,"column":31}},"loc":{"start":{"line":20,"column":42},"end":{"line":28,"column":5}},"line":20},"3":{"name":"(anonymous_3)","decl":{"start":{"line":37,"column":30},"end":{"line":37,"column":31}},"loc":{"start":{"line":37,"column":45},"end":{"line":62,"column":1}},"line":37},"4":{"name":"(anonymous_4)","decl":{"start":{"line":65,"column":26},"end":{"line":65,"column":27}},"loc":{"start":{"line":65,"column":35},"end":{"line":71,"column":3}},"line":65},"5":{"name":"(anonymous_5)","decl":{"start":{"line":73,"column":23},"end":{"line":73,"column":24}},"loc":{"start":{"line":73,"column":38},"end":{"line":85,"column":3}},"line":73},"6":{"name":"(anonymous_6)","decl":{"start":{"line":87,"column":30},"end":{"line":87,"column":31}},"loc":{"start":{"line":87,"column":43},"end":{"line":107,"column":3}},"line":87},"7":{"name":"(anonymous_7)","decl":{"start":{"line":109,"column":28},"end":{"line":109,"column":29}},"loc":{"start":{"line":109,"column":35},"end":{"line":112,"column":3}},"line":109},"8":{"name":"(anonymous_8)","decl":{"start":{"line":114,"column":26},"end":{"line":114,"column":27}},"loc":{"start":{"line":114,"column":32},"end":{"line":116,"column":3}},"line":114},"9":{"name":"(anonymous_9)","decl":{"start":{"line":118,"column":27},"end":{"line":118,"column":28}},"loc":{"start":{"line":118,"column":33},"end":{"line":129,"column":3}},"line":118},"10":{"name":"(anonymous_10)","decl":{"start":{"line":131,"column":26},"end":{"line":131,"column":27}},"loc":{"start":{"line":131,"column":32},"end":{"line":134,"column":3}},"line":131},"11":{"name":"(anonymous_11)","decl":{"start":{"line":154,"column":22},"end":{"line":154,"column":23}},"loc":{"start":{"line":154,"column":29},"end":{"line":157,"column":9}},"line":154},"12":{"name":"(anonymous_12)","decl":{"start":{"line":158,"column":22},"end":{"line":158,"column":23}},"loc":{"start":{"line":158,"column":29},"end":{"line":161,"column":9}},"line":158},"13":{"name":"(anonymous_13)","decl":{"start":{"line":183,"column":26},"end":{"line":183,"column":27}},"loc":{"start":{"line":183,"column":33},"end":{"line":185,"column":13}},"line":183},"14":{"name":"(anonymous_14)","decl":{"start":{"line":186,"column":26},"end":{"line":186,"column":27}},"loc":{"start":{"line":186,"column":33},"end":{"line":188,"column":13}},"line":186},"15":{"name":"(anonymous_15)","decl":{"start":{"line":303,"column":44},"end":{"line":303,"column":45}},"loc":{"start":{"line":304,"column":16},"end":{"line":350,"column":22}},"line":304},"16":{"name":"(anonymous_16)","decl":{"start":{"line":394,"column":24},"end":{"line":394,"column":25}},"loc":{"start":{"line":394,"column":31},"end":{"line":396,"column":11}},"line":394},"17":{"name":"(anonymous_17)","decl":{"start":{"line":397,"column":24},"end":{"line":397,"column":25}},"loc":{"start":{"line":397,"column":31},"end":{"line":399,"column":11}},"line":397}},"branchMap":{"0":{"loc":{"start":{"line":9,"column":47},"end":{"line":9,"column":72}},"type":"binary-expr","locations":[{"start":{"line":9,"column":47},"end":{"line":9,"column":63}},{"start":{"line":9,"column":67},"end":{"line":9,"column":72}}],"line":9},"1":{"loc":{"start":{"line":24,"column":24},"end":{"line":24,"column":43}},"type":"binary-expr","locations":[{"start":{"line":24,"column":24},"end":{"line":24,"column":37}},{"start":{"line":24,"column":41},"end":{"line":24,"column":43}}],"line":24},"2":{"loc":{"start":{"line":30,"column":4},"end":{"line":32,"column":5}},"type":"if","locations":[{"start":{"line":30,"column":4},"end":{"line":32,"column":5}},{"start":{},"end":{}}],"line":30},"3":{"loc":{"start":{"line":61,"column":9},"end":{"line":61,"column":42}},"type":"binary-expr","locations":[{"start":{"line":61,"column":9},"end":{"line":61,"column":34}},{"start":{"line":61,"column":38},"end":{"line":61,"column":42}}],"line":61},"4":{"loc":{"start":{"line":66,"column":4},"end":{"line":66,"column":27}},"type":"if","locations":[{"start":{"line":66,"column":4},"end":{"line":66,"column":27}},{"start":{},"end":{}}],"line":66},"5":{"loc":{"start":{"line":67,"column":4},"end":{"line":67,"column":46}},"type":"if","locations":[{"start":{"line":67,"column":4},"end":{"line":67,"column":46}},{"start":{},"end":{}}],"line":67},"6":{"loc":{"start":{"line":68,"column":4},"end":{"line":68,"column":65}},"type":"if","locations":[{"start":{"line":68,"column":4},"end":{"line":68,"column":65}},{"start":{},"end":{}}],"line":68},"7":{"loc":{"start":{"line":69,"column":4},"end":{"line":69,"column":54}},"type":"if","locations":[{"start":{"line":69,"column":4},"end":{"line":69,"column":54}},{"start":{},"end":{}}],"line":69},"8":{"loc":{"start":{"line":74,"column":4},"end":{"line":74,"column":33}},"type":"if","locations":[{"start":{"line":74,"column":4},"end":{"line":74,"column":33}},{"start":{},"end":{}}],"line":74},"9":{"loc":{"start":{"line":80,"column":4},"end":{"line":82,"column":5}},"type":"if","locations":[{"start":{"line":80,"column":4},"end":{"line":82,"column":5}},{"start":{},"end":{}}],"line":80},"10":{"loc":{"start":{"line":80,"column":8},"end":{"line":80,"column":79}},"type":"binary-expr","locations":[{"start":{"line":80,"column":8},"end":{"line":80,"column":21}},{"start":{"line":80,"column":26},"end":{"line":80,"column":41}},{"start":{"line":80,"column":45},"end":{"line":80,"column":78}}],"line":80},"11":{"loc":{"start":{"line":89,"column":4},"end":{"line":92,"column":5}},"type":"if","locations":[{"start":{"line":89,"column":4},"end":{"line":92,"column":5}},{"start":{},"end":{}}],"line":89},"12":{"loc":{"start":{"line":98,"column":6},"end":{"line":100,"column":7}},"type":"if","locations":[{"start":{"line":98,"column":6},"end":{"line":100,"column":7}},{"start":{},"end":{}}],"line":98},"13":{"loc":{"start":{"line":110,"column":4},"end":{"line":110,"column":31}},"type":"if","locations":[{"start":{"line":110,"column":4},"end":{"line":110,"column":31}},{"start":{},"end":{}}],"line":110},"14":{"loc":{"start":{"line":122,"column":4},"end":{"line":128,"column":5}},"type":"if","locations":[{"start":{"line":122,"column":4},"end":{"line":128,"column":5}},{"start":{"line":126,"column":11},"end":{"line":128,"column":5}}],"line":122},"15":{"loc":{"start":{"line":122,"column":8},"end":{"line":122,"column":54}},"type":"binary-expr","locations":[{"start":{"line":122,"column":8},"end":{"line":122,"column":19}},{"start":{"line":122,"column":23},"end":{"line":122,"column":54}}],"line":122},"16":{"loc":{"start":{"line":137,"column":26},"end":{"line":137,"column":112}},"type":"cond-expr","locations":[{"start":{"line":137,"column":61},"end":{"line":137,"column":76}},{"start":{"line":137,"column":79},"end":{"line":137,"column":112}}],"line":137},"17":{"loc":{"start":{"line":138,"column":23},"end":{"line":138,"column":53}},"type":"binary-expr","locations":[{"start":{"line":138,"column":23},"end":{"line":138,"column":33}},{"start":{"line":138,"column":37},"end":{"line":138,"column":53}}],"line":138},"18":{"loc":{"start":{"line":165,"column":9},"end":{"line":193,"column":9}},"type":"binary-expr","locations":[{"start":{"line":165,"column":9},"end":{"line":165,"column":24}},{"start":{"line":166,"column":10},"end":{"line":192,"column":19}}],"line":165},"19":{"loc":{"start":{"line":177,"column":21},"end":{"line":177,"column":55}},"type":"cond-expr","locations":[{"start":{"line":177,"column":34},"end":{"line":177,"column":43}},{"start":{"line":177,"column":46},"end":{"line":177,"column":55}}],"line":177},"20":{"loc":{"start":{"line":189,"column":19},"end":{"line":189,"column":76}},"type":"cond-expr","locations":[{"start":{"line":189,"column":32},"end":{"line":189,"column":55}},{"start":{"line":189,"column":58},"end":{"line":189,"column":76}}],"line":189},"21":{"loc":{"start":{"line":191,"column":13},"end":{"line":191,"column":37}},"type":"cond-expr","locations":[{"start":{"line":191,"column":26},"end":{"line":191,"column":30}},{"start":{"line":191,"column":33},"end":{"line":191,"column":37}}],"line":191},"22":{"loc":{"start":{"line":209,"column":11},"end":{"line":236,"column":11}},"type":"cond-expr","locations":[{"start":{"line":210,"column":12},"end":{"line":221,"column":14}},{"start":{"line":223,"column":12},"end":{"line":235,"column":18}}],"line":209},"23":{"loc":{"start":{"line":209,"column":11},"end":{"line":209,"column":43}},"type":"binary-expr","locations":[{"start":{"line":209,"column":11},"end":{"line":209,"column":24}},{"start":{"line":209,"column":28},"end":{"line":209,"column":43}}],"line":209},"24":{"loc":{"start":{"line":250,"column":11},"end":{"line":262,"column":11}},"type":"binary-expr","locations":[{"start":{"line":250,"column":11},"end":{"line":250,"column":28}},{"start":{"line":251,"column":12},"end":{"line":261,"column":19}}],"line":250},"25":{"loc":{"start":{"line":263,"column":11},"end":{"line":274,"column":11}},"type":"binary-expr","locations":[{"start":{"line":263,"column":11},"end":{"line":263,"column":26}},{"start":{"line":264,"column":12},"end":{"line":273,"column":19}}],"line":263},"26":{"loc":{"start":{"line":277,"column":9},"end":{"line":281,"column":9}},"type":"binary-expr","locations":[{"start":{"line":277,"column":9},"end":{"line":277,"column":24}},{"start":{"line":278,"column":10},"end":{"line":280,"column":14}}],"line":277},"27":{"loc":{"start":{"line":284,"column":9},"end":{"line":366,"column":9}},"type":"binary-expr","locations":[{"start":{"line":284,"column":9},"end":{"line":284,"column":32}},{"start":{"line":285,"column":10},"end":{"line":365,"column":16}}],"line":284},"28":{"loc":{"start":{"line":313,"column":37},"end":{"line":313,"column":84}},"type":"cond-expr","locations":[{"start":{"line":313,"column":63},"end":{"line":313,"column":72}},{"start":{"line":313,"column":75},"end":{"line":313,"column":84}}],"line":313},"29":{"loc":{"start":{"line":314,"column":27},"end":{"line":314,"column":74}},"type":"cond-expr","locations":[{"start":{"line":314,"column":53},"end":{"line":314,"column":62}},{"start":{"line":314,"column":65},"end":{"line":314,"column":74}}],"line":314},"30":{"loc":{"start":{"line":322,"column":21},"end":{"line":322,"column":58}},"type":"cond-expr","locations":[{"start":{"line":322,"column":47},"end":{"line":322,"column":51}},{"start":{"line":322,"column":54},"end":{"line":322,"column":58}}],"line":322},"31":{"loc":{"start":{"line":352,"column":15},"end":{"line":363,"column":15}},"type":"binary-expr","locations":[{"start":{"line":352,"column":15},"end":{"line":352,"column":38}},{"start":{"line":353,"column":16},"end":{"line":362,"column":22}}],"line":352},"32":{"loc":{"start":{"line":368,"column":9},"end":{"line":380,"column":9}},"type":"binary-expr","locations":[{"start":{"line":368,"column":9},"end":{"line":368,"column":18}},{"start":{"line":369,"column":10},"end":{"line":379,"column":14}}],"line":368}},"s":{"0":0,"1":0,"2":0,"3":0,"4":0,"5":0,"6":0,"7":0,"8":0,"9":0,"10":0,"11":0,"12":0,"13":0,"14":0,"15":0,"16":0,"17":0,"18":0,"19":0,"20":0,"21":0,"22":0,"23":0,"24":0,"25":0,"26":0,"27":0,"28":0,"29":0,"30":0,"31":0,"32":0,"33":0,"34":0,"35":0,"36":0,"37":0,"38":0,"39":0,"40":0,"41":0,"42":0,"43":0,"44":0,"45":0,"46":0,"47":0,"48":0,"49":0,"50":0,"51":0,"52":0,"53":0,"54":0,"55":0,"56":0,"57":0,"58":0,"59":0,"60":0,"61":0,"62":0,"63":0,"64":0,"65":0,"66":0,"67":0,"68":0,"69":0,"70":0,"71":0,"72":0,"73":0,"74":0,"75":0,"76":0,"77":0,"78":0,"79":0,"80":0,"81":0},"f":{"0":0,"1":0,"2":0,"3":0,"4":0,"5":0,"6":0,"7":0,"8":0,"9":0,"10":0,"11":0,"12":0,"13":0,"14":0,"15":0,"16":0,"17":0},"b":{"0":[0,0],"1":[0,0],"2":[0,0],"3":[0,0],"4":[0,0],"5":[0,0],"6":[0,0],"7":[0,0],"8":[0,0],"9":[0,0],"10":[0,0,0],"11":[0,0],"12":[0,0],"13":[0,0],"14":[0,0],"15":[0,0],"16":[0,0],"17":[0,0],"18":[0,0],"19":[0,0],"20":[0,0],"21":[0,0],"22":[0,0],"23":[0,0],"24":[0,0],"25":[0,0],"26":[0,0],"27":[0,0],"28":[0,0],"29":[0,0],"30":[0,0],"31":[0,0],"32":[0,0]}}
,"/Users/marceloramos/Documents/ProgramaçãoPessoal/TekeverProject/tvshow-tracker-frontend/src/components/ActorModal.jsx": {"path":"/Users/marceloramos/Documents/ProgramaçãoPessoal/TekeverProject/tvshow-tracker-frontend/src/components/ActorModal.jsx","statementMap":{"0":{"start":{"line":3,"column":19},"end":{"line":153,"column":1}},"1":{"start":{"line":4,"column":2},"end":{"line":18,"column":24}},"2":{"start":{"line":5,"column":25},"end":{"line":9,"column":5}},"3":{"start":{"line":6,"column":6},"end":{"line":8,"column":7}},"4":{"start":{"line":7,"column":8},"end":{"line":7,"column":18}},"5":{"start":{"line":11,"column":4},"end":{"line":13,"column":5}},"6":{"start":{"line":12,"column":6},"end":{"line":12,"column":57}},"7":{"start":{"line":15,"column":4},"end":{"line":17,"column":6}},"8":{"start":{"line":16,"column":6},"end":{"line":16,"column":60}},"9":{"start":{"line":20,"column":2},"end":{"line":20,"column":36}},"10":{"start":{"line":20,"column":24},"end":{"line":20,"column":36}},"11":{"start":{"line":23,"column":23},"end":{"line":34,"column":3}},"12":{"start":{"line":24,"column":18},"end":{"line":24,"column":28}},"13":{"start":{"line":25,"column":18},"end":{"line":25,"column":37}},"14":{"start":{"line":26,"column":14},"end":{"line":26,"column":55}},"15":{"start":{"line":27,"column":22},"end":{"line":27,"column":57}},"16":{"start":{"line":29,"column":4},"end":{"line":31,"column":5}},"17":{"start":{"line":30,"column":6},"end":{"line":30,"column":12}},"18":{"start":{"line":33,"column":4},"end":{"line":33,"column":15}},"19":{"start":{"line":36,"column":2},"end":{"line":152,"column":4}},"20":{"start":{"line":38,"column":48},"end":{"line":38,"column":67}},"21":{"start":{"line":56,"column":18},"end":{"line":56,"column":99}},"22":{"start":{"line":101,"column":18},"end":{"line":118,"column":24}},"23":{"start":{"line":108,"column":26},"end":{"line":108,"column":106}},"24":{"start":{"line":155,"column":15},"end":{"line":349,"column":1}}},"fnMap":{"0":{"name":"(anonymous_0)","decl":{"start":{"line":3,"column":19},"end":{"line":3,"column":20}},"loc":{"start":{"line":3,"column":50},"end":{"line":153,"column":1}},"line":3},"1":{"name":"(anonymous_1)","decl":{"start":{"line":4,"column":12},"end":{"line":4,"column":13}},"loc":{"start":{"line":4,"column":18},"end":{"line":18,"column":3}},"line":4},"2":{"name":"(anonymous_2)","decl":{"start":{"line":5,"column":25},"end":{"line":5,"column":26}},"loc":{"start":{"line":5,"column":32},"end":{"line":9,"column":5}},"line":5},"3":{"name":"(anonymous_3)","decl":{"start":{"line":15,"column":11},"end":{"line":15,"column":12}},"loc":{"start":{"line":15,"column":17},"end":{"line":17,"column":5}},"line":15},"4":{"name":"(anonymous_4)","decl":{"start":{"line":23,"column":23},"end":{"line":23,"column":24}},"loc":{"start":{"line":23,"column":38},"end":{"line":34,"column":3}},"line":23},"5":{"name":"(anonymous_5)","decl":{"start":{"line":38,"column":41},"end":{"line":38,"column":42}},"loc":{"start":{"line":38,"column":48},"end":{"line":38,"column":67}},"line":38},"6":{"name":"(anonymous_6)","decl":{"start":{"line":55,"column":25},"end":{"line":55,"column":26}},"loc":{"start":{"line":55,"column":32},"end":{"line":57,"column":17}},"line":55},"7":{"name":"(anonymous_7)","decl":{"start":{"line":100,"column":46},"end":{"line":100,"column":47}},"loc":{"start":{"line":101,"column":18},"end":{"line":118,"column":24}},"line":101},"8":{"name":"(anonymous_8)","decl":{"start":{"line":107,"column":33},"end":{"line":107,"column":34}},"loc":{"start":{"line":107,"column":40},"end":{"line":109,"column":25}},"line":107}},"branchMap":{"0":{"loc":{"start":{"line":6,"column":6},"end":{"line":8,"column":7}},"type":"if","locations":[{"start":{"line":6,"column":6},"end":{"line":8,"column":7}},{"start":{},"end":{}}],"line":6},"1":{"loc":{"start":{"line":11,"column":4},"end":{"line":13,"column":5}},"type":"if","locations":[{"start":{"line":11,"column":4},"end":{"line":13,"column":5}},{"start":{},"end":{}}],"line":11},"2":{"loc":{"start":{"line":20,"column":2},"end":{"line":20,"column":36}},"type":"if","locations":[{"start":{"line":20,"column":2},"end":{"line":20,"column":36}},{"start":{},"end":{}}],"line":20},"3":{"loc":{"start":{"line":20,"column":6},"end":{"line":20,"column":22}},"type":"binary-expr","locations":[{"start":{"line":20,"column":6},"end":{"line":20,"column":13}},{"start":{"line":20,"column":17},"end":{"line":20,"column":22}}],"line":20},"4":{"loc":{"start":{"line":29,"column":4},"end":{"line":31,"column":5}},"type":"if","locations":[{"start":{"line":29,"column":4},"end":{"line":31,"column":5}},{"start":{},"end":{}}],"line":29},"5":{"loc":{"start":{"line":29,"column":8},"end":{"line":29,"column":79}},"type":"binary-expr","locations":[{"start":{"line":29,"column":8},"end":{"line":29,"column":21}},{"start":{"line":29,"column":26},"end":{"line":29,"column":41}},{"start":{"line":29,"column":45},"end":{"line":29,"column":78}}],"line":29},"6":{"loc":{"start":{"line":91,"column":15},"end":{"line":91,"column":54}},"type":"binary-expr","locations":[{"start":{"line":91,"column":15},"end":{"line":91,"column":23}},{"start":{"line":91,"column":27},"end":{"line":91,"column":54}}],"line":91},"7":{"loc":{"start":{"line":96,"column":11},"end":{"line":127,"column":11}},"type":"binary-expr","locations":[{"start":{"line":96,"column":11},"end":{"line":96,"column":23}},{"start":{"line":96,"column":27},"end":{"line":96,"column":50}},{"start":{"line":97,"column":12},"end":{"line":126,"column":18}}],"line":96},"8":{"loc":{"start":{"line":121,"column":15},"end":{"line":125,"column":15}},"type":"binary-expr","locations":[{"start":{"line":121,"column":15},"end":{"line":121,"column":38}},{"start":{"line":122,"column":16},"end":{"line":124,"column":22}}],"line":121}},"s":{"0":0,"1":0,"2":0,"3":0,"4":0,"5":0,"6":0,"7":0,"8":0,"9":0,"10":0,"11":0,"12":0,"13":0,"14":0,"15":0,"16":0,"17":0,"18":0,"19":0,"20":0,"21":0,"22":0,"23":0,"24":0},"f":{"0":0,"1":0,"2":0,"3":0,"4":0,"5":0,"6":0,"7":0,"8":0},"b":{"0":[0,0],"1":[0,0],"2":[0,0],"3":[0,0],"4":[0,0],"5":[0,0,0],"6":[0,0],"7":[0,0,0],"8":[0,0]}}
,"/Users/marceloramos/Documents/ProgramaçãoPessoal/TekeverProject/tvshow-tracker-frontend/src/components/EmailPreferences.jsx": {"path":"/Users/marceloramos/Documents/ProgramaçãoPessoal/TekeverProject/tvshow-tracker-frontend/src/components/EmailPreferences.jsx","statementMap":{"0":{"start":{"line":5,"column":25},"end":{"line":43,"column":1}},"1":{"start":{"line":6,"column":65},"end":{"line":6,"column":74}},"2":{"start":{"line":8,"column":2},"end":{"line":42,"column":4}}},"fnMap":{"0":{"name":"(anonymous_0)","decl":{"start":{"line":5,"column":25},"end":{"line":5,"column":26}},"loc":{"start":{"line":5,"column":31},"end":{"line":43,"column":1}},"line":5}},"branchMap":{"0":{"loc":{"start":{"line":36,"column":9},"end":{"line":38,"column":49}},"type":"cond-expr","locations":[{"start":{"line":37,"column":12},"end":{"line":37,"column":57}},{"start":{"line":38,"column":12},"end":{"line":38,"column":49}}],"line":36}},"s":{"0":0,"1":0,"2":0},"f":{"0":0},"b":{"0":[0,0]}}
,"/Users/marceloramos/Documents/ProgramaçãoPessoal/TekeverProject/tvshow-tracker-frontend/src/components/ExportData.jsx": {"path":"/Users/marceloramos/Documents/ProgramaçãoPessoal/TekeverProject/tvshow-tracker-frontend/src/components/ExportData.jsx","statementMap":{"0":{"start":{"line":7,"column":19},"end":{"line":454,"column":1}},"1":{"start":{"line":8,"column":24},"end":{"line":8,"column":38}},"2":{"start":{"line":9,"column":19},"end":{"line":9,"column":28}},"3":{"start":{"line":10,"column":36},"end":{"line":10,"column":51}},"4":{"start":{"line":11,"column":38},"end":{"line":11,"column":50}},"5":{"start":{"line":14,"column":26},"end":{"line":68,"column":3}},"6":{"start":{"line":15,"column":4},"end":{"line":15,"column":23}},"7":{"start":{"line":16,"column":4},"end":{"line":16,"column":25}},"8":{"start":{"line":18,"column":4},"end":{"line":67,"column":5}},"9":{"start":{"line":19,"column":20},"end":{"line":19,"column":53}},"10":{"start":{"line":21,"column":16},"end":{"line":21,"column":18}},"11":{"start":{"line":22,"column":21},"end":{"line":22,"column":23}},"12":{"start":{"line":24,"column":6},"end":{"line":30,"column":7}},"13":{"start":{"line":25,"column":8},"end":{"line":25,"column":63}},"14":{"start":{"line":26,"column":8},"end":{"line":26,"column":82}},"15":{"start":{"line":27,"column":13},"end":{"line":30,"column":7}},"16":{"start":{"line":28,"column":8},"end":{"line":28,"column":61}},"17":{"start":{"line":29,"column":8},"end":{"line":29,"column":84}},"18":{"start":{"line":32,"column":6},"end":{"line":32,"column":53}},"19":{"start":{"line":34,"column":23},"end":{"line":38,"column":8}},"20":{"start":{"line":40,"column":6},"end":{"line":42,"column":7}},"21":{"start":{"line":41,"column":8},"end":{"line":41,"column":66}},"22":{"start":{"line":44,"column":19},"end":{"line":44,"column":40}},"23":{"start":{"line":45,"column":26},"end":{"line":45,"column":58}},"24":{"start":{"line":46,"column":16},"end":{"line":46,"column":43}},"25":{"start":{"line":47,"column":6},"end":{"line":47,"column":27}},"26":{"start":{"line":48,"column":6},"end":{"line":48,"column":28}},"27":{"start":{"line":49,"column":6},"end":{"line":49,"column":35}},"28":{"start":{"line":50,"column":6},"end":{"line":50,"column":16}},"29":{"start":{"line":51,"column":6},"end":{"line":51,"column":35}},"30":{"start":{"line":52,"column":6},"end":{"line":52,"column":46}},"31":{"start":{"line":54,"column":6},"end":{"line":54,"column":72}},"32":{"start":{"line":57,"column":6},"end":{"line":57,"column":62}},"33":{"start":{"line":60,"column":6},"end":{"line":60,"column":49}},"34":{"start":{"line":61,"column":19},"end":{"line":61,"column":41}},"35":{"start":{"line":62,"column":6},"end":{"line":62,"column":84}},"36":{"start":{"line":65,"column":6},"end":{"line":65,"column":26}},"37":{"start":{"line":66,"column":6},"end":{"line":66,"column":24}},"38":{"start":{"line":71,"column":26},"end":{"line":125,"column":3}},"39":{"start":{"line":72,"column":4},"end":{"line":72,"column":23}},"40":{"start":{"line":73,"column":4},"end":{"line":73,"column":25}},"41":{"start":{"line":75,"column":4},"end":{"line":124,"column":5}},"42":{"start":{"line":76,"column":20},"end":{"line":76,"column":53}},"43":{"start":{"line":78,"column":16},"end":{"line":78,"column":18}},"44":{"start":{"line":79,"column":21},"end":{"line":79,"column":23}},"45":{"start":{"line":81,"column":6},"end":{"line":87,"column":7}},"46":{"start":{"line":82,"column":8},"end":{"line":82,"column":63}},"47":{"start":{"line":83,"column":8},"end":{"line":83,"column":82}},"48":{"start":{"line":84,"column":13},"end":{"line":87,"column":7}},"49":{"start":{"line":85,"column":8},"end":{"line":85,"column":61}},"50":{"start":{"line":86,"column":8},"end":{"line":86,"column":84}},"51":{"start":{"line":89,"column":6},"end":{"line":89,"column":53}},"52":{"start":{"line":91,"column":23},"end":{"line":95,"column":8}},"53":{"start":{"line":97,"column":6},"end":{"line":99,"column":7}},"54":{"start":{"line":98,"column":8},"end":{"line":98,"column":66}},"55":{"start":{"line":101,"column":19},"end":{"line":101,"column":40}},"56":{"start":{"line":102,"column":26},"end":{"line":102,"column":58}},"57":{"start":{"line":103,"column":16},"end":{"line":103,"column":43}},"58":{"start":{"line":104,"column":6},"end":{"line":104,"column":27}},"59":{"start":{"line":105,"column":6},"end":{"line":105,"column":28}},"60":{"start":{"line":106,"column":6},"end":{"line":106,"column":35}},"61":{"start":{"line":107,"column":6},"end":{"line":107,"column":16}},"62":{"start":{"line":108,"column":6},"end":{"line":108,"column":35}},"63":{"start":{"line":109,"column":6},"end":{"line":109,"column":46}},"64":{"start":{"line":111,"column":6},"end":{"line":111,"column":72}},"65":{"start":{"line":114,"column":6},"end":{"line":114,"column":62}},"66":{"start":{"line":117,"column":6},"end":{"line":117,"column":49}},"67":{"start":{"line":118,"column":19},"end":{"line":118,"column":41}},"68":{"start":{"line":119,"column":6},"end":{"line":119,"column":84}},"69":{"start":{"line":122,"column":6},"end":{"line":122,"column":26}},"70":{"start":{"line":123,"column":6},"end":{"line":123,"column":24}},"71":{"start":{"line":128,"column":27},"end":{"line":163,"column":3}},"72":{"start":{"line":129,"column":4},"end":{"line":140,"column":5}},"73":{"start":{"line":130,"column":6},"end":{"line":139,"column":10}},"74":{"start":{"line":130,"column":35},"end":{"line":139,"column":7}},"75":{"start":{"line":143,"column":4},"end":{"line":162,"column":6}},"76":{"start":{"line":166,"column":31},"end":{"line":208,"column":3}},"77":{"start":{"line":167,"column":4},"end":{"line":167,"column":23}},"78":{"start":{"line":168,"column":4},"end":{"line":168,"column":26}},"79":{"start":{"line":170,"column":4},"end":{"line":207,"column":5}},"80":{"start":{"line":171,"column":20},"end":{"line":171,"column":53}},"81":{"start":{"line":173,"column":6},"end":{"line":173,"column":55}},"82":{"start":{"line":175,"column":23},"end":{"line":179,"column":8}},"83":{"start":{"line":181,"column":6},"end":{"line":183,"column":7}},"84":{"start":{"line":182,"column":8},"end":{"line":182,"column":66}},"85":{"start":{"line":185,"column":23},"end":{"line":185,"column":44}},"86":{"start":{"line":188,"column":22},"end":{"line":196,"column":7}},"87":{"start":{"line":198,"column":6},"end":{"line":198,"column":83}},"88":{"start":{"line":199,"column":6},"end":{"line":199,"column":64}},"89":{"start":{"line":202,"column":6},"end":{"line":202,"column":67}},"90":{"start":{"line":203,"column":6},"end":{"line":203,"column":49}},"91":{"start":{"line":205,"column":6},"end":{"line":205,"column":26}},"92":{"start":{"line":206,"column":6},"end":{"line":206,"column":24}},"93":{"start":{"line":210,"column":17},"end":{"line":312,"column":3}},"94":{"start":{"line":314,"column":2},"end":{"line":320,"column":3}},"95":{"start":{"line":315,"column":4},"end":{"line":319,"column":6}},"96":{"start":{"line":322,"column":2},"end":{"line":453,"column":4}},"97":{"start":{"line":342,"column":27},"end":{"line":342,"column":55}},"98":{"start":{"line":350,"column":14},"end":{"line":353,"column":15}},"99":{"start":{"line":351,"column":16},"end":{"line":351,"column":72}},"100":{"start":{"line":352,"column":16},"end":{"line":352,"column":72}},"101":{"start":{"line":356,"column":14},"end":{"line":356,"column":48}},"102":{"start":{"line":357,"column":14},"end":{"line":357,"column":48}},"103":{"start":{"line":368,"column":27},"end":{"line":368,"column":55}},"104":{"start":{"line":376,"column":14},"end":{"line":379,"column":15}},"105":{"start":{"line":377,"column":16},"end":{"line":377,"column":72}},"106":{"start":{"line":378,"column":16},"end":{"line":378,"column":72}},"107":{"start":{"line":382,"column":14},"end":{"line":382,"column":48}},"108":{"start":{"line":383,"column":14},"end":{"line":383,"column":48}},"109":{"start":{"line":415,"column":14},"end":{"line":418,"column":15}},"110":{"start":{"line":416,"column":16},"end":{"line":416,"column":72}},"111":{"start":{"line":417,"column":16},"end":{"line":417,"column":72}},"112":{"start":{"line":421,"column":14},"end":{"line":421,"column":48}},"113":{"start":{"line":422,"column":14},"end":{"line":422,"column":48}}},"fnMap":{"0":{"name":"(anonymous_0)","decl":{"start":{"line":7,"column":19},"end":{"line":7,"column":20}},"loc":{"start":{"line":7,"column":25},"end":{"line":454,"column":1}},"line":7},"1":{"name":"(anonymous_1)","decl":{"start":{"line":14,"column":26},"end":{"line":14,"column":27}},"loc":{"start":{"line":14,"column":56},"end":{"line":68,"column":3}},"line":14},"2":{"name":"(anonymous_2)","decl":{"start":{"line":71,"column":26},"end":{"line":71,"column":27}},"loc":{"start":{"line":71,"column":56},"end":{"line":125,"column":3}},"line":71},"3":{"name":"(anonymous_3)","decl":{"start":{"line":128,"column":27},"end":{"line":128,"column":28}},"loc":{"start":{"line":128,"column":51},"end":{"line":163,"column":3}},"line":128},"4":{"name":"(anonymous_4)","decl":{"start":{"line":130,"column":27},"end":{"line":130,"column":28}},"loc":{"start":{"line":130,"column":35},"end":{"line":139,"column":7}},"line":130},"5":{"name":"(anonymous_5)","decl":{"start":{"line":166,"column":31},"end":{"line":166,"column":32}},"loc":{"start":{"line":166,"column":43},"end":{"line":208,"column":3}},"line":166},"6":{"name":"(anonymous_6)","decl":{"start":{"line":342,"column":21},"end":{"line":342,"column":22}},"loc":{"start":{"line":342,"column":27},"end":{"line":342,"column":55}},"line":342},"7":{"name":"(anonymous_7)","decl":{"start":{"line":349,"column":25},"end":{"line":349,"column":26}},"loc":{"start":{"line":349,"column":32},"end":{"line":354,"column":13}},"line":349},"8":{"name":"(anonymous_8)","decl":{"start":{"line":355,"column":24},"end":{"line":355,"column":25}},"loc":{"start":{"line":355,"column":31},"end":{"line":358,"column":13}},"line":355},"9":{"name":"(anonymous_9)","decl":{"start":{"line":368,"column":21},"end":{"line":368,"column":22}},"loc":{"start":{"line":368,"column":27},"end":{"line":368,"column":55}},"line":368},"10":{"name":"(anonymous_10)","decl":{"start":{"line":375,"column":25},"end":{"line":375,"column":26}},"loc":{"start":{"line":375,"column":32},"end":{"line":380,"column":13}},"line":375},"11":{"name":"(anonymous_11)","decl":{"start":{"line":381,"column":24},"end":{"line":381,"column":25}},"loc":{"start":{"line":381,"column":31},"end":{"line":384,"column":13}},"line":381},"12":{"name":"(anonymous_12)","decl":{"start":{"line":414,"column":25},"end":{"line":414,"column":26}},"loc":{"start":{"line":414,"column":32},"end":{"line":419,"column":13}},"line":414},"13":{"name":"(anonymous_13)","decl":{"start":{"line":420,"column":24},"end":{"line":420,"column":25}},"loc":{"start":{"line":420,"column":31},"end":{"line":423,"column":13}},"line":420}},"branchMap":{"0":{"loc":{"start":{"line":14,"column":33},"end":{"line":14,"column":51}},"type":"default-arg","locations":[{"start":{"line":14,"column":40},"end":{"line":14,"column":51}}],"line":14},"1":{"loc":{"start":{"line":24,"column":6},"end":{"line":30,"column":7}},"type":"if","locations":[{"start":{"line":24,"column":6},"end":{"line":30,"column":7}},{"start":{"line":27,"column":13},"end":{"line":30,"column":7}}],"line":24},"2":{"loc":{"start":{"line":27,"column":13},"end":{"line":30,"column":7}},"type":"if","locations":[{"start":{"line":27,"column":13},"end":{"line":30,"column":7}},{"start":{},"end":{}}],"line":27},"3":{"loc":{"start":{"line":40,"column":6},"end":{"line":42,"column":7}},"type":"if","locations":[{"start":{"line":40,"column":6},"end":{"line":42,"column":7}},{"start":{},"end":{}}],"line":40},"4":{"loc":{"start":{"line":71,"column":33},"end":{"line":71,"column":51}},"type":"default-arg","locations":[{"start":{"line":71,"column":40},"end":{"line":71,"column":51}}],"line":71},"5":{"loc":{"start":{"line":81,"column":6},"end":{"line":87,"column":7}},"type":"if","locations":[{"start":{"line":81,"column":6},"end":{"line":87,"column":7}},{"start":{"line":84,"column":13},"end":{"line":87,"column":7}}],"line":81},"6":{"loc":{"start":{"line":84,"column":13},"end":{"line":87,"column":7}},"type":"if","locations":[{"start":{"line":84,"column":13},"end":{"line":87,"column":7}},{"start":{},"end":{}}],"line":84},"7":{"loc":{"start":{"line":97,"column":6},"end":{"line":99,"column":7}},"type":"if","locations":[{"start":{"line":97,"column":6},"end":{"line":99,"column":7}},{"start":{},"end":{}}],"line":97},"8":{"loc":{"start":{"line":128,"column":28},"end":{"line":128,"column":46}},"type":"default-arg","locations":[{"start":{"line":128,"column":35},"end":{"line":128,"column":46}}],"line":128},"9":{"loc":{"start":{"line":129,"column":4},"end":{"line":140,"column":5}},"type":"if","locations":[{"start":{"line":129,"column":4},"end":{"line":140,"column":5}},{"start":{},"end":{}}],"line":129},"10":{"loc":{"start":{"line":136,"column":21},"end":{"line":136,"column":45}},"type":"binary-expr","locations":[{"start":{"line":136,"column":21},"end":{"line":136,"column":36}},{"start":{"line":136,"column":40},"end":{"line":136,"column":45}}],"line":136},"11":{"loc":{"start":{"line":137,"column":30},"end":{"line":137,"column":109}},"type":"cond-expr","locations":[{"start":{"line":137,"column":48},"end":{"line":137,"column":101}},{"start":{"line":137,"column":104},"end":{"line":137,"column":109}}],"line":137},"12":{"loc":{"start":{"line":181,"column":6},"end":{"line":183,"column":7}},"type":"if","locations":[{"start":{"line":181,"column":6},"end":{"line":183,"column":7}},{"start":{},"end":{}}],"line":181},"13":{"loc":{"start":{"line":190,"column":18},"end":{"line":190,"column":46}},"type":"binary-expr","locations":[{"start":{"line":190,"column":18},"end":{"line":190,"column":37}},{"start":{"line":190,"column":41},"end":{"line":190,"column":46}}],"line":190},"14":{"loc":{"start":{"line":191,"column":19},"end":{"line":191,"column":48}},"type":"binary-expr","locations":[{"start":{"line":191,"column":19},"end":{"line":191,"column":39}},{"start":{"line":191,"column":43},"end":{"line":191,"column":48}}],"line":191},"15":{"loc":{"start":{"line":192,"column":29},"end":{"line":192,"column":125}},"type":"cond-expr","locations":[{"start":{"line":192,"column":56},"end":{"line":192,"column":117}},{"start":{"line":192,"column":120},"end":{"line":192,"column":125}}],"line":192},"16":{"loc":{"start":{"line":193,"column":32},"end":{"line":193,"column":63}},"type":"binary-expr","locations":[{"start":{"line":193,"column":32},"end":{"line":193,"column":58}},{"start":{"line":193,"column":62},"end":{"line":193,"column":63}}],"line":193},"17":{"loc":{"start":{"line":314,"column":2},"end":{"line":320,"column":3}},"type":"if","locations":[{"start":{"line":314,"column":2},"end":{"line":320,"column":3}},{"start":{},"end":{}}],"line":314},"18":{"loc":{"start":{"line":343,"column":22},"end":{"line":343,"column":57}},"type":"binary-expr","locations":[{"start":{"line":343,"column":22},"end":{"line":343,"column":31}},{"start":{"line":343,"column":35},"end":{"line":343,"column":57}}],"line":343},"19":{"loc":{"start":{"line":347,"column":18},"end":{"line":347,"column":82}},"type":"cond-expr","locations":[{"start":{"line":347,"column":56},"end":{"line":347,"column":77}},{"start":{"line":347,"column":80},"end":{"line":347,"column":82}}],"line":347},"20":{"loc":{"start":{"line":347,"column":19},"end":{"line":347,"column":52}},"type":"binary-expr","locations":[{"start":{"line":347,"column":19},"end":{"line":347,"column":28}},{"start":{"line":347,"column":32},"end":{"line":347,"column":52}}],"line":347},"21":{"loc":{"start":{"line":350,"column":14},"end":{"line":353,"column":15}},"type":"if","locations":[{"start":{"line":350,"column":14},"end":{"line":353,"column":15}},{"start":{},"end":{}}],"line":350},"22":{"loc":{"start":{"line":350,"column":18},"end":{"line":350,"column":52}},"type":"binary-expr","locations":[{"start":{"line":350,"column":18},"end":{"line":350,"column":28}},{"start":{"line":350,"column":32},"end":{"line":350,"column":52}}],"line":350},"23":{"loc":{"start":{"line":360,"column":13},"end":{"line":364,"column":13}},"type":"cond-expr","locations":[{"start":{"line":361,"column":14},"end":{"line":361,"column":51}},{"start":{"line":363,"column":14},"end":{"line":363,"column":22}}],"line":360},"24":{"loc":{"start":{"line":360,"column":13},"end":{"line":360,"column":46}},"type":"binary-expr","locations":[{"start":{"line":360,"column":13},"end":{"line":360,"column":22}},{"start":{"line":360,"column":26},"end":{"line":360,"column":46}}],"line":360},"25":{"loc":{"start":{"line":369,"column":22},"end":{"line":369,"column":57}},"type":"binary-expr","locations":[{"start":{"line":369,"column":22},"end":{"line":369,"column":31}},{"start":{"line":369,"column":35},"end":{"line":369,"column":57}}],"line":369},"26":{"loc":{"start":{"line":373,"column":18},"end":{"line":373,"column":82}},"type":"cond-expr","locations":[{"start":{"line":373,"column":56},"end":{"line":373,"column":77}},{"start":{"line":373,"column":80},"end":{"line":373,"column":82}}],"line":373},"27":{"loc":{"start":{"line":373,"column":19},"end":{"line":373,"column":52}},"type":"binary-expr","locations":[{"start":{"line":373,"column":19},"end":{"line":373,"column":28}},{"start":{"line":373,"column":32},"end":{"line":373,"column":52}}],"line":373},"28":{"loc":{"start":{"line":376,"column":14},"end":{"line":379,"column":15}},"type":"if","locations":[{"start":{"line":376,"column":14},"end":{"line":379,"column":15}},{"start":{},"end":{}}],"line":376},"29":{"loc":{"start":{"line":376,"column":18},"end":{"line":376,"column":52}},"type":"binary-expr","locations":[{"start":{"line":376,"column":18},"end":{"line":376,"column":28}},{"start":{"line":376,"column":32},"end":{"line":376,"column":52}}],"line":376},"30":{"loc":{"start":{"line":386,"column":13},"end":{"line":390,"column":13}},"type":"cond-expr","locations":[{"start":{"line":387,"column":14},"end":{"line":387,"column":51}},{"start":{"line":389,"column":14},"end":{"line":389,"column":22}}],"line":386},"31":{"loc":{"start":{"line":386,"column":13},"end":{"line":386,"column":46}},"type":"binary-expr","locations":[{"start":{"line":386,"column":13},"end":{"line":386,"column":22}},{"start":{"line":386,"column":26},"end":{"line":386,"column":46}}],"line":386},"32":{"loc":{"start":{"line":394,"column":9},"end":{"line":398,"column":9}},"type":"binary-expr","locations":[{"start":{"line":394,"column":9},"end":{"line":394,"column":31}},{"start":{"line":395,"column":10},"end":{"line":397,"column":14}}],"line":394},"33":{"loc":{"start":{"line":412,"column":18},"end":{"line":412,"column":56}},"type":"cond-expr","locations":[{"start":{"line":412,"column":30},"end":{"line":412,"column":51}},{"start":{"line":412,"column":54},"end":{"line":412,"column":56}}],"line":412},"34":{"loc":{"start":{"line":415,"column":14},"end":{"line":418,"column":15}},"type":"if","locations":[{"start":{"line":415,"column":14},"end":{"line":418,"column":15}},{"start":{},"end":{}}],"line":415},"35":{"loc":{"start":{"line":425,"column":13},"end":{"line":429,"column":13}},"type":"cond-expr","locations":[{"start":{"line":426,"column":14},"end":{"line":426,"column":51}},{"start":{"line":428,"column":14},"end":{"line":428,"column":33}}],"line":425},"36":{"loc":{"start":{"line":425,"column":13},"end":{"line":425,"column":47}},"type":"binary-expr","locations":[{"start":{"line":425,"column":13},"end":{"line":425,"column":22}},{"start":{"line":425,"column":26},"end":{"line":425,"column":47}}],"line":425},"37":{"loc":{"start":{"line":435,"column":40},"end":{"line":435,"column":117}},"type":"cond-expr","locations":[{"start":{"line":435,"column":57},"end":{"line":435,"column":109}},{"start":{"line":435,"column":112},"end":{"line":435,"column":117}}],"line":435},"38":{"loc":{"start":{"line":440,"column":7},"end":{"line":451,"column":7}},"type":"binary-expr","locations":[{"start":{"line":440,"column":7},"end":{"line":440,"column":16}},{"start":{"line":441,"column":8},"end":{"line":450,"column":14}}],"line":440}},"s":{"0":0,"1":0,"2":0,"3":0,"4":0,"5":0,"6":0,"7":0,"8":0,"9":0,"10":0,"11":0,"12":0,"13":0,"14":0,"15":0,"16":0,"17":0,"18":0,"19":0,"20":0,"21":0,"22":0,"23":0,"24":0,"25":0,"26":0,"27":0,"28":0,"29":0,"30":0,"31":0,"32":0,"33":0,"34":0,"35":0,"36":0,"37":0,"38":0,"39":0,"40":0,"41":0,"42":0,"43":0,"44":0,"45":0,"46":0,"47":0,"48":0,"49":0,"50":0,"51":0,"52":0,"53":0,"54":0,"55":0,"56":0,"57":0,"58":0,"59":0,"60":0,"61":0,"62":0,"63":0,"64":0,"65":0,"66":0,"67":0,"68":0,"69":0,"70":0,"71":0,"72":0,"73":0,"74":0,"75":0,"76":0,"77":0,"78":0,"79":0,"80":0,"81":0,"82":0,"83":0,"84":0,"85":0,"86":0,"87":0,"88":0,"89":0,"90":0,"91":0,"92":0,"93":0,"94":0,"95":0,"96":0,"97":0,"98":0,"99":0,"100":0,"101":0,"102":0,"103":0,"104":0,"105":0,"106":0,"107":0,"108":0,"109":0,"110":0,"111":0,"112":0,"113":0},"f":{"0":0,"1":0,"2":0,"3":0,"4":0,"5":0,"6":0,"7":0,"8":0,"9":0,"10":0,"11":0,"12":0,"13":0},"b":{"0":[0],"1":[0,0],"2":[0,0],"3":[0,0],"4":[0],"5":[0,0],"6":[0,0],"7":[0,0],"8":[0],"9":[0,0],"10":[0,0],"11":[0,0],"12":[0,0],"13":[0,0],"14":[0,0],"15":[0,0],"16":[0,0],"17":[0,0],"18":[0,0],"19":[0,0],"20":[0,0],"21":[0,0],"22":[0,0],"23":[0,0],"24":[0,0],"25":[0,0],"26":[0,0],"27":[0,0],"28":[0,0],"29":[0,0],"30":[0,0],"31":[0,0],"32":[0,0],"33":[0,0],"34":[0,0],"35":[0,0],"36":[0,0],"37":[0,0],"38":[0,0]}}
,"/Users/marceloramos/Documents/ProgramaçãoPessoal/TekeverProject/tvshow-tracker-frontend/src/components/GDPRBanner.jsx": {"path":"/Users/marceloramos/Documents/ProgramaçãoPessoal/TekeverProject/tvshow-tracker-frontend/src/components/GDPRBanner.jsx","statementMap":{"0":{"start":{"line":5,"column":19},"end":{"line":76,"column":1}},"1":{"start":{"line":6,"column":50},"end":{"line":6,"column":59}},"2":{"start":{"line":8,"column":2},"end":{"line":10,"column":3}},"3":{"start":{"line":9,"column":4},"end":{"line":9,"column":16}},"4":{"start":{"line":12,"column":2},"end":{"line":75,"column":4}}},"fnMap":{"0":{"name":"(anonymous_0)","decl":{"start":{"line":5,"column":19},"end":{"line":5,"column":20}},"loc":{"start":{"line":5,"column":25},"end":{"line":76,"column":1}},"line":5}},"branchMap":{"0":{"loc":{"start":{"line":8,"column":2},"end":{"line":10,"column":3}},"type":"if","locations":[{"start":{"line":8,"column":2},"end":{"line":10,"column":3}},{"start":{},"end":{}}],"line":8}},"s":{"0":1,"1":6,"2":6,"3":2,"4":4},"f":{"0":6},"b":{"0":[2,4]},"_coverageSchema":"1a1c01bbd47fc00a2c39e90264f33305004495a9","hash":"313ecd217fd5a5cbf075e372520ed6e69a49d0d9"}
,"/Users/marceloramos/Documents/ProgramaçãoPessoal/TekeverProject/tvshow-tracker-frontend/src/components/Layout.jsx": {"path":"/Users/marceloramos/Documents/ProgramaçãoPessoal/TekeverProject/tvshow-tracker-frontend/src/components/Layout.jsx","statementMap":{"0":{"start":{"line":6,"column":15},"end":{"line":245,"column":1}},"1":{"start":{"line":7,"column":19},"end":{"line":7,"column":32}},"2":{"start":{"line":8,"column":19},"end":{"line":8,"column":32}},"3":{"start":{"line":9,"column":44},"end":{"line":9,"column":53}},"4":{"start":{"line":11,"column":19},"end":{"line":11,"column":55}},"5":{"start":{"line":11,"column":29},"end":{"line":11,"column":55}},"6":{"start":{"line":13,"column":23},"end":{"line":16,"column":3}},"7":{"start":{"line":14,"column":4},"end":{"line":14,"column":13}},"8":{"start":{"line":15,"column":4},"end":{"line":15,"column":23}},"9":{"start":{"line":18,"column":2},"end":{"line":244,"column":4}},"10":{"start":{"line":44,"column":30},"end":{"line":44,"column":62}},"11":{"start":{"line":45,"column":29},"end":{"line":45,"column":61}},"12":{"start":{"line":66,"column":16},"end":{"line":70,"column":17}},"13":{"start":{"line":67,"column":18},"end":{"line":67,"column":61}},"14":{"start":{"line":68,"column":18},"end":{"line":68,"column":49}},"15":{"start":{"line":69,"column":18},"end":{"line":69,"column":57}},"16":{"start":{"line":73,"column":16},"end":{"line":77,"column":17}},"17":{"start":{"line":74,"column":18},"end":{"line":74,"column":61}},"18":{"start":{"line":75,"column":18},"end":{"line":75,"column":51}},"19":{"start":{"line":76,"column":18},"end":{"line":76,"column":57}},"20":{"start":{"line":96,"column":16},"end":{"line":100,"column":17}},"21":{"start":{"line":97,"column":18},"end":{"line":97,"column":61}},"22":{"start":{"line":98,"column":18},"end":{"line":98,"column":49}},"23":{"start":{"line":99,"column":18},"end":{"line":99,"column":57}},"24":{"start":{"line":103,"column":16},"end":{"line":107,"column":17}},"25":{"start":{"line":104,"column":18},"end":{"line":104,"column":61}},"26":{"start":{"line":105,"column":18},"end":{"line":105,"column":51}},"27":{"start":{"line":106,"column":18},"end":{"line":106,"column":57}},"28":{"start":{"line":133,"column":20},"end":{"line":133,"column":63}},"29":{"start":{"line":134,"column":20},"end":{"line":134,"column":53}},"30":{"start":{"line":137,"column":20},"end":{"line":137,"column":63}},"31":{"start":{"line":138,"column":20},"end":{"line":138,"column":53}},"32":{"start":{"line":163,"column":20},"end":{"line":163,"column":63}},"33":{"start":{"line":164,"column":20},"end":{"line":164,"column":53}},"34":{"start":{"line":167,"column":20},"end":{"line":167,"column":63}},"35":{"start":{"line":168,"column":20},"end":{"line":168,"column":53}},"36":{"start":{"line":194,"column":20},"end":{"line":194,"column":63}},"37":{"start":{"line":195,"column":20},"end":{"line":195,"column":59}},"38":{"start":{"line":198,"column":20},"end":{"line":198,"column":63}},"39":{"start":{"line":199,"column":20},"end":{"line":199,"column":59}},"40":{"start":{"line":218,"column":20},"end":{"line":218,"column":63}},"41":{"start":{"line":219,"column":20},"end":{"line":219,"column":59}},"42":{"start":{"line":222,"column":20},"end":{"line":222,"column":63}},"43":{"start":{"line":223,"column":20},"end":{"line":223,"column":59}}},"fnMap":{"0":{"name":"(anonymous_0)","decl":{"start":{"line":6,"column":15},"end":{"line":6,"column":16}},"loc":{"start":{"line":6,"column":33},"end":{"line":245,"column":1}},"line":6},"1":{"name":"(anonymous_1)","decl":{"start":{"line":11,"column":19},"end":{"line":11,"column":20}},"loc":{"start":{"line":11,"column":29},"end":{"line":11,"column":55}},"line":11},"2":{"name":"(anonymous_2)","decl":{"start":{"line":13,"column":23},"end":{"line":13,"column":24}},"loc":{"start":{"line":13,"column":29},"end":{"line":16,"column":3}},"line":13},"3":{"name":"(anonymous_3)","decl":{"start":{"line":44,"column":23},"end":{"line":44,"column":24}},"loc":{"start":{"line":44,"column":30},"end":{"line":44,"column":62}},"line":44},"4":{"name":"(anonymous_4)","decl":{"start":{"line":45,"column":22},"end":{"line":45,"column":23}},"loc":{"start":{"line":45,"column":29},"end":{"line":45,"column":61}},"line":45},"5":{"name":"(anonymous_5)","decl":{"start":{"line":65,"column":27},"end":{"line":65,"column":28}},"loc":{"start":{"line":65,"column":34},"end":{"line":71,"column":15}},"line":65},"6":{"name":"(anonymous_6)","decl":{"start":{"line":72,"column":26},"end":{"line":72,"column":27}},"loc":{"start":{"line":72,"column":33},"end":{"line":78,"column":15}},"line":72},"7":{"name":"(anonymous_7)","decl":{"start":{"line":95,"column":27},"end":{"line":95,"column":28}},"loc":{"start":{"line":95,"column":34},"end":{"line":101,"column":15}},"line":95},"8":{"name":"(anonymous_8)","decl":{"start":{"line":102,"column":26},"end":{"line":102,"column":27}},"loc":{"start":{"line":102,"column":33},"end":{"line":108,"column":15}},"line":102},"9":{"name":"(anonymous_9)","decl":{"start":{"line":132,"column":31},"end":{"line":132,"column":32}},"loc":{"start":{"line":132,"column":38},"end":{"line":135,"column":19}},"line":132},"10":{"name":"(anonymous_10)","decl":{"start":{"line":136,"column":30},"end":{"line":136,"column":31}},"loc":{"start":{"line":136,"column":37},"end":{"line":139,"column":19}},"line":136},"11":{"name":"(anonymous_11)","decl":{"start":{"line":162,"column":31},"end":{"line":162,"column":32}},"loc":{"start":{"line":162,"column":38},"end":{"line":165,"column":19}},"line":162},"12":{"name":"(anonymous_12)","decl":{"start":{"line":166,"column":30},"end":{"line":166,"column":31}},"loc":{"start":{"line":166,"column":37},"end":{"line":169,"column":19}},"line":166},"13":{"name":"(anonymous_13)","decl":{"start":{"line":193,"column":31},"end":{"line":193,"column":32}},"loc":{"start":{"line":193,"column":38},"end":{"line":196,"column":19}},"line":193},"14":{"name":"(anonymous_14)","decl":{"start":{"line":197,"column":30},"end":{"line":197,"column":31}},"loc":{"start":{"line":197,"column":37},"end":{"line":200,"column":19}},"line":197},"15":{"name":"(anonymous_15)","decl":{"start":{"line":217,"column":31},"end":{"line":217,"column":32}},"loc":{"start":{"line":217,"column":38},"end":{"line":220,"column":19}},"line":217},"16":{"name":"(anonymous_16)","decl":{"start":{"line":221,"column":30},"end":{"line":221,"column":31}},"loc":{"start":{"line":221,"column":37},"end":{"line":224,"column":19}},"line":221}},"branchMap":{"0":{"loc":{"start":{"line":55,"column":23},"end":{"line":55,"column":65}},"type":"cond-expr","locations":[{"start":{"line":55,"column":46},"end":{"line":55,"column":53}},{"start":{"line":55,"column":56},"end":{"line":55,"column":65}}],"line":55},"1":{"loc":{"start":{"line":57,"column":28},"end":{"line":57,"column":64}},"type":"cond-expr","locations":[{"start":{"line":57,"column":51},"end":{"line":57,"column":56}},{"start":{"line":57,"column":59},"end":{"line":57,"column":64}}],"line":57},"2":{"loc":{"start":{"line":62,"column":33},"end":{"line":62,"column":77}},"type":"cond-expr","locations":[{"start":{"line":62,"column":56},"end":{"line":62,"column":65}},{"start":{"line":62,"column":68},"end":{"line":62,"column":77}}],"line":62},"3":{"loc":{"start":{"line":63,"column":24},"end":{"line":63,"column":88}},"type":"cond-expr","locations":[{"start":{"line":63,"column":47},"end":{"line":63,"column":66}},{"start":{"line":63,"column":69},"end":{"line":63,"column":88}}],"line":63},"4":{"loc":{"start":{"line":66,"column":16},"end":{"line":70,"column":17}},"type":"if","locations":[{"start":{"line":66,"column":16},"end":{"line":70,"column":17}},{"start":{},"end":{}}],"line":66},"5":{"loc":{"start":{"line":73,"column":16},"end":{"line":77,"column":17}},"type":"if","locations":[{"start":{"line":73,"column":16},"end":{"line":77,"column":17}},{"start":{},"end":{}}],"line":73},"6":{"loc":{"start":{"line":85,"column":23},"end":{"line":85,"column":64}},"type":"cond-expr","locations":[{"start":{"line":85,"column":45},"end":{"line":85,"column":52}},{"start":{"line":85,"column":55},"end":{"line":85,"column":64}}],"line":85},"7":{"loc":{"start":{"line":87,"column":28},"end":{"line":87,"column":63}},"type":"cond-expr","locations":[{"start":{"line":87,"column":50},"end":{"line":87,"column":55}},{"start":{"line":87,"column":58},"end":{"line":87,"column":63}}],"line":87},"8":{"loc":{"start":{"line":92,"column":33},"end":{"line":92,"column":76}},"type":"cond-expr","locations":[{"start":{"line":92,"column":55},"end":{"line":92,"column":64}},{"start":{"line":92,"column":67},"end":{"line":92,"column":76}}],"line":92},"9":{"loc":{"start":{"line":93,"column":24},"end":{"line":93,"column":87}},"type":"cond-expr","locations":[{"start":{"line":93,"column":46},"end":{"line":93,"column":65}},{"start":{"line":93,"column":68},"end":{"line":93,"column":87}}],"line":93},"10":{"loc":{"start":{"line":96,"column":16},"end":{"line":100,"column":17}},"type":"if","locations":[{"start":{"line":96,"column":16},"end":{"line":100,"column":17}},{"start":{},"end":{}}],"line":96},"11":{"loc":{"start":{"line":103,"column":16},"end":{"line":107,"column":17}},"type":"if","locations":[{"start":{"line":103,"column":16},"end":{"line":107,"column":17}},{"start":{},"end":{}}],"line":103},"12":{"loc":{"start":{"line":114,"column":13},"end":{"line":229,"column":13}},"type":"cond-expr","locations":[{"start":{"line":115,"column":14},"end":{"line":176,"column":20}},{"start":{"line":179,"column":14},"end":{"line":228,"column":20}}],"line":114}},"s":{"0":1,"1":8,"2":8,"3":8,"4":8,"5":64,"6":8,"7":0,"8":0,"9":8,"10":0,"11":0,"12":0,"13":0,"14":0,"15":0,"16":0,"17":0,"18":0,"19":0,"20":0,"21":0,"22":0,"23":0,"24":0,"25":0,"26":0,"27":0,"28":0,"29":0,"30":0,"31":0,"32":0,"33":0,"34":0,"35":0,"36":0,"37":0,"38":0,"39":0,"40":0,"41":0,"42":0,"43":0},"f":{"0":8,"1":64,"2":0,"3":0,"4":0,"5":0,"6":0,"7":0,"8":0,"9":0,"10":0,"11":0,"12":0,"13":0,"14":0,"15":0,"16":0},"b":{"0":[0,8],"1":[0,8],"2":[0,8],"3":[0,8],"4":[0,0],"5":[0,0],"6":[0,8],"7":[0,8],"8":[0,8],"9":[0,8],"10":[0,0],"11":[0,0],"12":[0,8]},"_coverageSchema":"1a1c01bbd47fc00a2c39e90264f33305004495a9","hash":"b6ccbb3ef0ca21186fbd99fdc11896a7f620ea6b"}
,"/Users/marceloramos/Documents/ProgramaçãoPessoal/TekeverProject/tvshow-tracker-frontend/src/components/LoadingSpinner.jsx": {"path":"/Users/marceloramos/Documents/ProgramaçãoPessoal/TekeverProject/tvshow-tracker-frontend/src/components/LoadingSpinner.jsx","statementMap":{"0":{"start":{"line":3,"column":23},"end":{"line":35,"column":1}},"1":{"start":{"line":4,"column":2},"end":{"line":34,"column":4}}},"fnMap":{"0":{"name":"(anonymous_0)","decl":{"start":{"line":3,"column":23},"end":{"line":3,"column":24}},"loc":{"start":{"line":3,"column":71},"end":{"line":35,"column":1}},"line":3}},"branchMap":{"0":{"loc":{"start":{"line":3,"column":26},"end":{"line":3,"column":48}},"type":"default-arg","locations":[{"start":{"line":3,"column":36},"end":{"line":3,"column":48}}],"line":3},"1":{"loc":{"start":{"line":3,"column":50},"end":{"line":3,"column":64}},"type":"default-arg","locations":[{"start":{"line":3,"column":62},"end":{"line":3,"column":64}}],"line":3}},"s":{"0":1,"1":3},"f":{"0":3},"b":{"0":[2],"1":[3]},"_coverageSchema":"1a1c01bbd47fc00a2c39e90264f33305004495a9","hash":"f42c15667341a7ec75b0e754afe0ac665dcfa4d3"}
,"/Users/marceloramos/Documents/ProgramaçãoPessoal/TekeverProject/tvshow-tracker-frontend/src/components/SearchBar.jsx": {"path":"/Users/marceloramos/Documents/ProgramaçãoPessoal/TekeverProject/tvshow-tracker-frontend/src/components/SearchBar.jsx","statementMap":{"0":{"start":{"line":4,"column":18},"end":{"line":135,"column":1}},"1":{"start":{"line":14,"column":6},"end":{"line":14,"column":17}},"2":{"start":{"line":16,"column":20},"end":{"line":16,"column":32}},"3":{"start":{"line":19,"column":2},"end":{"line":30,"column":23}},"4":{"start":{"line":20,"column":31},"end":{"line":24,"column":5}},"5":{"start":{"line":21,"column":6},"end":{"line":23,"column":7}},"6":{"start":{"line":22,"column":8},"end":{"line":22,"column":30}},"7":{"start":{"line":26,"column":4},"end":{"line":26,"column":63}},"8":{"start":{"line":27,"column":4},"end":{"line":29,"column":6}},"9":{"start":{"line":28,"column":6},"end":{"line":28,"column":68}},"10":{"start":{"line":32,"column":28},"end":{"line":34,"column":3}},"11":{"start":{"line":33,"column":4},"end":{"line":33,"column":34}},"12":{"start":{"line":36,"column":22},"end":{"line":38,"column":3}},"13":{"start":{"line":37,"column":4},"end":{"line":37,"column":18}},"14":{"start":{"line":40,"column":26},"end":{"line":42,"column":3}},"15":{"start":{"line":41,"column":4},"end":{"line":41,"column":26}},"16":{"start":{"line":44,"column":2},"end":{"line":134,"column":4}},"17":{"start":{"line":52,"column":25},"end":{"line":52,"column":59}},"18":{"start":{"line":83,"column":16},"end":{"line":94,"column":22}},"19":{"start":{"line":106,"column":16},"end":{"line":117,"column":22}},"20":{"start":{"line":137,"column":15},"end":{"line":252,"column":1}},"21":{"start":{"line":255,"column":19},"end":{"line":255,"column":42}},"22":{"start":{"line":256,"column":0},"end":{"line":261,"column":31}}},"fnMap":{"0":{"name":"(anonymous_0)","decl":{"start":{"line":4,"column":18},"end":{"line":4,"column":19}},"loc":{"start":{"line":4,"column":24},"end":{"line":135,"column":1}},"line":4},"1":{"name":"(anonymous_1)","decl":{"start":{"line":19,"column":12},"end":{"line":19,"column":13}},"loc":{"start":{"line":19,"column":18},"end":{"line":30,"column":3}},"line":19},"2":{"name":"(anonymous_2)","decl":{"start":{"line":20,"column":31},"end":{"line":20,"column":32}},"loc":{"start":{"line":20,"column":42},"end":{"line":24,"column":5}},"line":20},"3":{"name":"(anonymous_3)","decl":{"start":{"line":27,"column":11},"end":{"line":27,"column":12}},"loc":{"start":{"line":27,"column":17},"end":{"line":29,"column":5}},"line":27},"4":{"name":"(anonymous_4)","decl":{"start":{"line":32,"column":28},"end":{"line":32,"column":29}},"loc":{"start":{"line":32,"column":35},"end":{"line":34,"column":3}},"line":32},"5":{"name":"(anonymous_5)","decl":{"start":{"line":36,"column":22},"end":{"line":36,"column":23}},"loc":{"start":{"line":36,"column":28},"end":{"line":38,"column":3}},"line":36},"6":{"name":"(anonymous_6)","decl":{"start":{"line":40,"column":26},"end":{"line":40,"column":27}},"loc":{"start":{"line":40,"column":32},"end":{"line":42,"column":3}},"line":40},"7":{"name":"(anonymous_7)","decl":{"start":{"line":52,"column":19},"end":{"line":52,"column":20}},"loc":{"start":{"line":52,"column":25},"end":{"line":52,"column":59}},"line":52},"8":{"name":"(anonymous_8)","decl":{"start":{"line":82,"column":35},"end":{"line":82,"column":36}},"loc":{"start":{"line":83,"column":16},"end":{"line":94,"column":22}},"line":83},"9":{"name":"(anonymous_9)","decl":{"start":{"line":105,"column":34},"end":{"line":105,"column":35}},"loc":{"start":{"line":106,"column":16},"end":{"line":117,"column":22}},"line":106}},"branchMap":{"0":{"loc":{"start":{"line":21,"column":6},"end":{"line":23,"column":7}},"type":"if","locations":[{"start":{"line":21,"column":6},"end":{"line":23,"column":7}},{"start":{},"end":{}}],"line":21},"1":{"loc":{"start":{"line":21,"column":10},"end":{"line":21,"column":72}},"type":"binary-expr","locations":[{"start":{"line":21,"column":10},"end":{"line":21,"column":27}},{"start":{"line":21,"column":31},"end":{"line":21,"column":72}}],"line":21},"2":{"loc":{"start":{"line":52,"column":25},"end":{"line":52,"column":59}},"type":"binary-expr","locations":[{"start":{"line":52,"column":25},"end":{"line":52,"column":35}},{"start":{"line":52,"column":39},"end":{"line":52,"column":59}}],"line":52},"3":{"loc":{"start":{"line":56,"column":9},"end":{"line":60,"column":9}},"type":"binary-expr","locations":[{"start":{"line":56,"column":9},"end":{"line":56,"column":18}},{"start":{"line":57,"column":10},"end":{"line":59,"column":16}}],"line":56},"4":{"loc":{"start":{"line":62,"column":9},"end":{"line":70,"column":9}},"type":"binary-expr","locations":[{"start":{"line":62,"column":9},"end":{"line":62,"column":19}},{"start":{"line":62,"column":23},"end":{"line":62,"column":33}},{"start":{"line":63,"column":10},"end":{"line":69,"column":19}}],"line":62},"5":{"loc":{"start":{"line":74,"column":7},"end":{"line":132,"column":7}},"type":"binary-expr","locations":[{"start":{"line":74,"column":7},"end":{"line":74,"column":18}},{"start":{"line":75,"column":8},"end":{"line":131,"column":14}}],"line":74},"6":{"loc":{"start":{"line":77,"column":11},"end":{"line":97,"column":11}},"type":"binary-expr","locations":[{"start":{"line":77,"column":11},"end":{"line":77,"column":37}},{"start":{"line":78,"column":12},"end":{"line":96,"column":18}}],"line":77},"7":{"loc":{"start":{"line":100,"column":11},"end":{"line":120,"column":11}},"type":"binary-expr","locations":[{"start":{"line":100,"column":11},"end":{"line":100,"column":36}},{"start":{"line":101,"column":12},"end":{"line":119,"column":18}}],"line":100},"8":{"loc":{"start":{"line":123,"column":11},"end":{"line":130,"column":11}},"type":"binary-expr","locations":[{"start":{"line":123,"column":11},"end":{"line":123,"column":21}},{"start":{"line":123,"column":25},"end":{"line":123,"column":36}},{"start":{"line":123,"column":40},"end":{"line":123,"column":50}},{"start":{"line":124,"column":12},"end":{"line":129,"column":18}}],"line":123}},"s":{"0":0,"1":0,"2":0,"3":0,"4":0,"5":0,"6":0,"7":0,"8":0,"9":0,"10":0,"11":0,"12":0,"13":0,"14":0,"15":0,"16":0,"17":0,"18":0,"19":0,"20":0,"21":0,"22":0},"f":{"0":0,"1":0,"2":0,"3":0,"4":0,"5":0,"6":0,"7":0,"8":0,"9":0},"b":{"0":[0,0],"1":[0,0],"2":[0,0],"3":[0,0],"4":[0,0,0],"5":[0,0],"6":[0,0],"7":[0,0],"8":[0,0,0,0]}}
,"/Users/marceloramos/Documents/ProgramaçãoPessoal/TekeverProject/tvshow-tracker-frontend/src/components/TvShowCard.jsx": {"path":"/Users/marceloramos/Documents/ProgramaçãoPessoal/TekeverProject/tvshow-tracker-frontend/src/components/TvShowCard.jsx","statementMap":{"0":{"start":{"line":8,"column":19},"end":{"line":373,"column":1}},"1":{"start":{"line":9,"column":36},"end":{"line":9,"column":45}},"2":{"start":{"line":10,"column":65},"end":{"line":10,"column":79}},"3":{"start":{"line":11,"column":32},"end":{"line":11,"column":47}},"4":{"start":{"line":14,"column":55},"end":{"line":14,"column":65}},"5":{"start":{"line":17,"column":28},"end":{"line":58,"column":3}},"6":{"start":{"line":18,"column":2},"end":{"line":18,"column":22}},"7":{"start":{"line":20,"column":2},"end":{"line":25,"column":5}},"8":{"start":{"line":29,"column":4},"end":{"line":32,"column":7}},"9":{"start":{"line":34,"column":4},"end":{"line":37,"column":5}},"10":{"start":{"line":35,"column":6},"end":{"line":35,"column":45}},"11":{"start":{"line":36,"column":6},"end":{"line":36,"column":13}},"12":{"start":{"line":39,"column":4},"end":{"line":39,"column":21}},"13":{"start":{"line":40,"column":4},"end":{"line":57,"column":5}},"14":{"start":{"line":41,"column":6},"end":{"line":47,"column":7}},"15":{"start":{"line":42,"column":8},"end":{"line":42,"column":49}},"16":{"start":{"line":43,"column":8},"end":{"line":43,"column":40}},"17":{"start":{"line":45,"column":8},"end":{"line":45,"column":49}},"18":{"start":{"line":46,"column":8},"end":{"line":46,"column":37}},"19":{"start":{"line":49,"column":6},"end":{"line":51,"column":7}},"20":{"start":{"line":50,"column":8},"end":{"line":50,"column":27}},"21":{"start":{"line":53,"column":6},"end":{"line":53,"column":59}},"22":{"start":{"line":54,"column":6},"end":{"line":54,"column":41}},"23":{"start":{"line":56,"column":6},"end":{"line":56,"column":24}},"24":{"start":{"line":61,"column":25},"end":{"line":66,"column":3}},"25":{"start":{"line":62,"column":4},"end":{"line":62,"column":30}},"26":{"start":{"line":62,"column":18},"end":{"line":62,"column":30}},"27":{"start":{"line":63,"column":18},"end":{"line":63,"column":42}},"28":{"start":{"line":64,"column":17},"end":{"line":64,"column":29}},"29":{"start":{"line":65,"column":4},"end":{"line":65,"column":32}},"30":{"start":{"line":69,"column":25},"end":{"line":76,"column":3}},"31":{"start":{"line":70,"column":4},"end":{"line":74,"column":5}},"32":{"start":{"line":71,"column":6},"end":{"line":71,"column":53}},"33":{"start":{"line":72,"column":11},"end":{"line":74,"column":5}},"34":{"start":{"line":73,"column":6},"end":{"line":73,"column":77}},"35":{"start":{"line":75,"column":4},"end":{"line":75,"column":16}},"36":{"start":{"line":78,"column":28},"end":{"line":81,"column":3}},"37":{"start":{"line":79,"column":4},"end":{"line":79,"column":31}},"38":{"start":{"line":79,"column":11},"end":{"line":79,"column":31}},"39":{"start":{"line":80,"column":4},"end":{"line":80,"column":22}},"40":{"start":{"line":83,"column":26},"end":{"line":85,"column":3}},"41":{"start":{"line":84,"column":4},"end":{"line":84,"column":24}},"42":{"start":{"line":87,"column":22},"end":{"line":87,"column":38}},"43":{"start":{"line":89,"column":2},"end":{"line":372,"column":4}},"44":{"start":{"line":103,"column":8},"end":{"line":103,"column":61}},"45":{"start":{"line":104,"column":8},"end":{"line":104,"column":72}},"46":{"start":{"line":107,"column":8},"end":{"line":107,"column":58}},"47":{"start":{"line":108,"column":8},"end":{"line":108,"column":70}},"48":{"start":{"line":139,"column":14},"end":{"line":143,"column":15}},"49":{"start":{"line":140,"column":16},"end":{"line":140,"column":59}},"50":{"start":{"line":141,"column":16},"end":{"line":141,"column":79}},"51":{"start":{"line":142,"column":16},"end":{"line":142,"column":63}},"52":{"start":{"line":146,"column":14},"end":{"line":146,"column":76}},"53":{"start":{"line":147,"column":14},"end":{"line":147,"column":77}},"54":{"start":{"line":148,"column":14},"end":{"line":148,"column":59}},"55":{"start":{"line":180,"column":16},"end":{"line":180,"column":48}},"56":{"start":{"line":287,"column":16},"end":{"line":335,"column":22}},"57":{"start":{"line":354,"column":12},"end":{"line":354,"column":62}},"58":{"start":{"line":357,"column":12},"end":{"line":357,"column":62}}},"fnMap":{"0":{"name":"(anonymous_0)","decl":{"start":{"line":8,"column":19},"end":{"line":8,"column":20}},"loc":{"start":{"line":8,"column":53},"end":{"line":373,"column":1}},"line":8},"1":{"name":"(anonymous_1)","decl":{"start":{"line":17,"column":28},"end":{"line":17,"column":29}},"loc":{"start":{"line":17,"column":41},"end":{"line":58,"column":3}},"line":17},"2":{"name":"(anonymous_2)","decl":{"start":{"line":61,"column":25},"end":{"line":61,"column":26}},"loc":{"start":{"line":61,"column":38},"end":{"line":66,"column":3}},"line":61},"3":{"name":"(anonymous_3)","decl":{"start":{"line":69,"column":25},"end":{"line":69,"column":26}},"loc":{"start":{"line":69,"column":31},"end":{"line":76,"column":3}},"line":69},"4":{"name":"(anonymous_4)","decl":{"start":{"line":78,"column":28},"end":{"line":78,"column":29}},"loc":{"start":{"line":78,"column":35},"end":{"line":81,"column":3}},"line":78},"5":{"name":"(anonymous_5)","decl":{"start":{"line":83,"column":26},"end":{"line":83,"column":27}},"loc":{"start":{"line":83,"column":32},"end":{"line":85,"column":3}},"line":83},"6":{"name":"(anonymous_6)","decl":{"start":{"line":102,"column":20},"end":{"line":102,"column":21}},"loc":{"start":{"line":102,"column":27},"end":{"line":105,"column":7}},"line":102},"7":{"name":"(anonymous_7)","decl":{"start":{"line":106,"column":20},"end":{"line":106,"column":21}},"loc":{"start":{"line":106,"column":27},"end":{"line":109,"column":7}},"line":106},"8":{"name":"(anonymous_8)","decl":{"start":{"line":138,"column":26},"end":{"line":138,"column":27}},"loc":{"start":{"line":138,"column":33},"end":{"line":144,"column":13}},"line":138},"9":{"name":"(anonymous_9)","decl":{"start":{"line":145,"column":26},"end":{"line":145,"column":27}},"loc":{"start":{"line":145,"column":33},"end":{"line":149,"column":13}},"line":145},"10":{"name":"(anonymous_10)","decl":{"start":{"line":179,"column":23},"end":{"line":179,"column":24}},"loc":{"start":{"line":179,"column":30},"end":{"line":181,"column":15}},"line":179},"11":{"name":"(anonymous_11)","decl":{"start":{"line":286,"column":53},"end":{"line":286,"column":54}},"loc":{"start":{"line":287,"column":16},"end":{"line":335,"column":22}},"line":287},"12":{"name":"(anonymous_12)","decl":{"start":{"line":353,"column":24},"end":{"line":353,"column":25}},"loc":{"start":{"line":353,"column":31},"end":{"line":355,"column":11}},"line":353},"13":{"name":"(anonymous_13)","decl":{"start":{"line":356,"column":24},"end":{"line":356,"column":25}},"loc":{"start":{"line":356,"column":31},"end":{"line":358,"column":11}},"line":356}},"branchMap":{"0":{"loc":{"start":{"line":34,"column":4},"end":{"line":37,"column":5}},"type":"if","locations":[{"start":{"line":34,"column":4},"end":{"line":37,"column":5}},{"start":{},"end":{}}],"line":34},"1":{"loc":{"start":{"line":41,"column":6},"end":{"line":47,"column":7}},"type":"if","locations":[{"start":{"line":41,"column":6},"end":{"line":47,"column":7}},{"start":{"line":44,"column":13},"end":{"line":47,"column":7}}],"line":41},"2":{"loc":{"start":{"line":49,"column":6},"end":{"line":51,"column":7}},"type":"if","locations":[{"start":{"line":49,"column":6},"end":{"line":51,"column":7}},{"start":{},"end":{}}],"line":49},"3":{"loc":{"start":{"line":62,"column":4},"end":{"line":62,"column":30}},"type":"if","locations":[{"start":{"line":62,"column":4},"end":{"line":62,"column":30}},{"start":{},"end":{}}],"line":62},"4":{"loc":{"start":{"line":70,"column":4},"end":{"line":74,"column":5}},"type":"if","locations":[{"start":{"line":70,"column":4},"end":{"line":74,"column":5}},{"start":{"line":72,"column":11},"end":{"line":74,"column":5}}],"line":70},"5":{"loc":{"start":{"line":70,"column":8},"end":{"line":70,"column":50}},"type":"binary-expr","locations":[{"start":{"line":70,"column":8},"end":{"line":70,"column":31}},{"start":{"line":70,"column":35},"end":{"line":70,"column":50}}],"line":70},"6":{"loc":{"start":{"line":72,"column":11},"end":{"line":74,"column":5}},"type":"if","locations":[{"start":{"line":72,"column":11},"end":{"line":74,"column":5}},{"start":{},"end":{}}],"line":72},"7":{"loc":{"start":{"line":72,"column":15},"end":{"line":72,"column":57}},"type":"binary-expr","locations":[{"start":{"line":72,"column":15},"end":{"line":72,"column":39}},{"start":{"line":72,"column":43},"end":{"line":72,"column":57}}],"line":72},"8":{"loc":{"start":{"line":73,"column":43},"end":{"line":73,"column":74}},"type":"cond-expr","locations":[{"start":{"line":73,"column":66},"end":{"line":73,"column":69}},{"start":{"line":73,"column":72},"end":{"line":73,"column":74}}],"line":73},"9":{"loc":{"start":{"line":79,"column":4},"end":{"line":79,"column":31}},"type":"if","locations":[{"start":{"line":79,"column":4},"end":{"line":79,"column":31}},{"start":{},"end":{}}],"line":79},"10":{"loc":{"start":{"line":113,"colu
[...]
":32,"column":4},"end":{"line":34,"column":5}},"13":{"start":{"line":33,"column":6},"end":{"line":33,"column":35}},"14":{"start":{"line":35,"column":4},"end":{"line":35,"column":58}},"15":{"start":{"line":39,"column":4},"end":{"line":80,"column":5}},"16":{"start":{"line":40,"column":6},"end":{"line":40,"column":65}},"17":{"start":{"line":43,"column":20},"end":{"line":43,"column":53}},"18":{"start":{"line":44,"column":6},"end":{"line":47,"column":7}},"19":{"start":{"line":45,"column":8},"end":{"line":45,"column":82}},"20":{"start":{"line":46,"column":8},"end":{"line":46,"column":15}},"21":{"start":{"line":50,"column":24},"end":{"line":50,"column":57}},"22":{"start":{"line":51,"column":30},"end":{"line":51,"column":83}},"23":{"start":{"line":53,"column":6},"end":{"line":56,"column":7}},"24":{"start":{"line":54,"column":8},"end":{"line":54,"column":89}},"25":{"start":{"line":55,"column":8},"end":{"line":55,"column":15}},"26":{"start":{"line":58,"column":6},"end":{"line":58,"column":78}},"27":{"start":{"line":61,"column":30},"end":{"line":61,"column":65}},"28":{"start":{"line":63,"column":6},"end":{"line":77,"column":7}},"29":{"start":{"line":64,"column":24},"end":{"line":67,"column":9}},"30":{"start":{"line":69,"column":8},"end":{"line":74,"column":9}},"31":{"start":{"line":70,"column":10},"end":{"line":70,"column":59}},"32":{"start":{"line":71,"column":10},"end":{"line":71,"column":37}},"33":{"start":{"line":73,"column":10},"end":{"line":73,"column":67}},"34":{"start":{"line":76,"column":8},"end":{"line":76,"column":75}},"35":{"start":{"line":79,"column":6},"end":{"line":79,"column":70}},"36":{"start":{"line":84,"column":4},"end":{"line":108,"column":5}},"37":{"start":{"line":85,"column":6},"end":{"line":85,"column":57}},"38":{"start":{"line":88,"column":23},"end":{"line":88,"column":60}},"39":{"start":{"line":89,"column":30},"end":{"line":89,"column":43}},"40":{"start":{"line":91,"column":6},"end":{"line":91,"column":75}},"41":{"start":{"line":93,"column":6},"end":{"line":101,"column":10}},"42":{"start":{"line":93,"column":42},"end":{"line":101,"column":7}},"43":{"start":{"line":104,"column":6},"end":{"line":104,"column":62}},"44":{"start":{"line":107,"column":6},"end":{"line":107,"column":47}},"45":{"start":{"line":113,"column":22},"end":{"line":113,"column":75}},"46":{"start":{"line":115,"column":4},"end":{"line":118,"column":5}},"47":{"start":{"line":116,"column":6},"end":{"line":116,"column":65}},"48":{"start":{"line":117,"column":6},"end":{"line":117,"column":16}},"49":{"start":{"line":120,"column":4},"end":{"line":120,"column":73}},"50":{"start":{"line":122,"column":4},"end":{"line":129,"column":8}},"51":{"start":{"line":122,"column":45},"end":{"line":129,"column":5}},"52":{"start":{"line":133,"column":19},"end":{"line":133,"column":20}},"53":{"start":{"line":134,"column":4},"end":{"line":134,"column":78}},"54":{"start":{"line":135,"column":4},"end":{"line":135,"column":77}},"55":{"start":{"line":140,"column":4},"end":{"line":144,"column":6}},"56":{"start":{"line":148,"column":32},"end":{"line":148,"column":54}}},"fnMap":{"0":{"name":"(anonymous_0)","decl":{"start":{"line":6,"column":2},"end":{"line":6,"column":3}},"loc":{"start":{"line":6,"column":16},"end":{"line":10,"column":3}},"line":6},"1":{"name":"(anonymous_1)","decl":{"start":{"line":13,"column":4},"end":{"line":13,"column":5}},"loc":{"start":{"line":13,"column":12},"end":{"line":28,"column":3}},"line":13},"2":{"name":"(anonymous_2)","decl":{"start":{"line":20,"column":15},"end":{"line":20,"column":16}},"loc":{"start":{"line":20,"column":21},"end":{"line":22,"column":5}},"line":20},"3":{"name":"(anonymous_3)","decl":{"start":{"line":25,"column":32},"end":{"line":25,"column":33}},"loc":{"start":{"line":25,"column":38},"end":{"line":27,"column":5}},"line":25},"4":{"name":"(anonymous_4)","decl":{"start":{"line":30,"column":2},"end":{"line":30,"column":3}},"loc":{"start":{"line":30,"column":9},"end":{"line":36,"column":3}},"line":30},"5":{"name":"(anonymous_5)","decl":{"start":{"line":38,"column":2},"end":{"line":38,"column":3}},"loc":{"start":{"line":38,"column":38},"end":{"line":81,"column":3}},"line":38},"6":{"name":"(anonymous_6)","decl":{"start":{"line":83,"column":2},"end":{"line":83,"column":3}},"loc":{"start":{"line":83,"column":33},"end":{"line":109,"column":3}},"line":83},"7":{"name":"(anonymous_7)","decl":{"start":{"line":93,"column":33},"end":{"line":93,"column":34}},"loc":{"start":{"line":93,"column":42},"end":{"line":101,"column":7}},"line":93},"8":{"name":"(anonymous_8)","decl":{"start":{"line":111,"column":2},"end":{"line":111,"column":3}},"loc":{"start":{"line":111,"column":31},"end":{"line":130,"column":3}},"line":111},"9":{"name":"(anonymous_9)","decl":{"start":{"line":122,"column":37},"end":{"line":122,"column":38}},"loc":{"start":{"line":122,"column":45},"end":{"line":129,"column":5}},"line":122},"10":{"name":"(anonymous_10)","decl":{"start":{"line":132,"column":2},"end":{"line":132,"column":3}},"loc":{"start":{"line":132,"column":24},"end":{"line":136,"column":3}},"line":132},"11":{"name":"(anonymous_11)","decl":{"start":{"line":139,"column":2},"end":{"line":139,"column":3}},"loc":{"start":{"line":139,"column":14},"end":{"line":145,"column":3}},"line":139}},"branchMap":{"0":{"loc":{"start":{"line":14,"column":4},"end":{"line":14,"column":31}},"type":"if","locations":[{"start":{"line":14,"column":4},"end":{"line":14,"column":31}},{"start":{},"end":{}}],"line":14},"1":{"loc":{"start":{"line":32,"column":4},"end":{"line":34,"column":5}},"type":"if","locations":[{"start":{"line":32,"column":4},"end":{"line":34,"column":5}},{"start":{},"end":{}}],"line":32},"2":{"loc":{"start":{"line":44,"column":6},"end":{"line":47,"column":7}},"type":"if","locations":[{"start":{"line":44,"column":6},"end":{"line":47,"column":7}},{"start":{},"end":{}}],"line":44},"3":{"loc":{"start":{"line":53,"column":6},"end":{"line":56,"column":7}},"type":"if","locations":[{"start":{"line":53,"column":6},"end":{"line":56,"column":7}},{"start":{},"end":{}}],"line":53},"4":{"loc":{"start":{"line":53,"column":10},"end":{"line":53,"column":40}},"type":"binary-expr","locations":[{"start":{"line":53,"column":10},"end":{"line":53,"column":20}},{"start":{"line":53,"column":24},"end":{"line":53,"column":40}}],"line":53},"5":{"loc":{"start":{"line":63,"column":6},"end":{"line":77,"column":7}},"type":"if","locations":[{"start":{"line":63,"column":6},"end":{"line":77,"column":7}},{"start":{"line":75,"column":13},"end":{"line":77,"column":7}}],"line":63},"6":{"loc":{"start":{"line":69,"column":8},"end":{"line":74,"column":9}},"type":"if","locations":[{"start":{"line":69,"column":8},"end":{"line":74,"column":9}},{"start":{"line":72,"column":15},"end":{"line":74,"column":9}}],"line":69},"7":{"loc":{"start":{"line":113,"column":33},"end":{"line":113,"column":74}},"type":"binary-expr","locations":[{"start":{"line":113,"column":33},"end":{"line":113,"column":66}},{"start":{"line":113,"column":70},"end":{"line":113,"column":74}}],"line":113},"8":{"loc":{"start":{"line":115,"column":4},"end":{"line":118,"column":5}},"type":"if","locations":[{"start":{"line":115,"column":4},"end":{"line":118,"column":5}},{"start":{},"end":{}}],"line":115},"9":{"loc":{"start":{"line":143,"column":17},"end":{"line":143,"column":96}},"type":"cond-expr","locations":[{"start":{"line":143,"column":34},"end":{"line":143,"column":89}},{"start":{"line":143,"column":92},"end":{"line":143,"column":96}}],"line":143}},"s":{"0":0,"1":0,"2":0,"3":0,"4":0,"5":0,"6":0,"7":0,"8":0,"9":0,"10":0,"11":0,"12":0,"13":0,"14":0,"15":0,"16":0,"17":0,"18":0,"19":0,"20":0,"21":0,"22":0,"23":0,"24":0,"25":0,"26":0,"27":0,"28":0,"29":0,"30":0,"31":0,"32":0,"33":0,"34":0,"35":0,"36":0,"37":0,"38":0,"39":0,"40":0,"41":0,"42":0,"43":0,"44":0,"45":0,"46":0,"47":0,"48":0,"49":0,"50":0,"51":0,"52":0,"53":0,"54":0,"55":0,"56":0},"f":{"0":0,"1":0,"2":0,"3":0,"4":0,"5":0,"6":0,"7":0,"8":0,"9":0,"10":0,"11":0},"b":{"0":[0,0],"1":[0,0],"2":[0,0],"3":[0,0],"4":[0,0],"5":[0,0],"6":[0,0],"7":[0,0],"8":[0,0],"9":[0,0]}}
,"/Users/marceloramos/Documents/ProgramaçãoPessoal/TekeverProject/tvshow-tracker-frontend/src/services/emailService.js": {"path":"/Users/marceloramos/Documents/ProgramaçãoPessoal/TekeverProject/tvshow-tracker-frontend/src/services/emailService.js","statementMap":{"0":{"start":{"line":2,"column":28},"end":{"line":84,"column":3}},"1":{"start":{"line":4,"column":6},"end":{"line":4,"column":76}},"2":{"start":{"line":5,"column":6},"end":{"line":5,"column":74}},"3":{"start":{"line":5,"column":64},"end":{"line":5,"column":71}},"4":{"start":{"line":7,"column":6},"end":{"line":24,"column":7}},"5":{"start":{"line":12,"column":8},"end":{"line":12,"column":64}},"6":{"start":{"line":12,"column":37},"end":{"line":12,"column":62}},"7":{"start":{"line":15,"column":29},"end":{"line":15,"column":82}},"8":{"start":{"line":16,"column":8},"end":{"line":16,"column":60}},"9":{"start":{"line":18,"column":8},"end":{"line":18,"column":78}},"10":{"start":{"line":19,"column":8},"end":{"line":19,"column":20}},"11":{"start":{"line":22,"column":8},"end":{"line":22,"column":57}},"12":{"start":{"line":23,"column":8},"end":{"line":23,"column":21}},"13":{"start":{"line":28,"column":6},"end":{"line":60,"column":8}},"14":{"start":{"line":36,"column":42},"end":{"line":46,"column":13}},"15":{"start":{"line":65,"column":34},"end":{"line":80,"column":7}},"16":{"start":{"line":82,"column":6},"end":{"line":82,"column":89}}},"fnMap":{"0":{"name":"(anonymous_0)","decl":{"start":{"line":3,"column":4},"end":{"line":3,"column":5}},"loc":{"start":{"line":3,"column":62},"end":{"line":25,"column":5}},"line":3},"1":{"name":"(anonymous_1)","decl":{"start":{"line":5,"column":59},"end":{"line":5,"column":60}},"loc":{"start":{"line":5,"column":64},"end":{"line":5,"column":71}},"line":5},"2":{"name":"(anonymous_2)","decl":{"start":{"line":12,"column":26},"end":{"line":12,"column":27}},"loc":{"start":{"line":12,"column":37},"end":{"line":12,"column":62}},"line":12},"3":{"name":"(anonymous_3)","decl":{"start":{"line":27,"column":4},"end":{"line":27,"column":5}},"loc":{"start":{"line":27,"column":53},"end":{"line":61,"column":5}},"line":27},"4":{"name":"(anonymous_4)","decl":{"start":{"line":36,"column":34},"end":{"line":36,"column":35}},"loc":{"start":{"line":36,"column":42},"end":{"line":46,"column":13}},"line":36},"5":{"name":"(anonymous_5)","decl":{"start":{"line":64,"column":4},"end":{"line":64,"column":5}},"loc":{"start":{"line":64,"column":22},"end":{"line":83,"column":5}},"line":64}},"branchMap":{"0":{"loc":{"start":{"line":40,"column":45},"end":{"line":40,"column":64}},"type":"binary-expr","locations":[{"start":{"line":40,"column":45},"end":{"line":40,"column":55}},{"start":{"line":40,"column":59},"end":{"line":40,"column":64}}],"line":40},"1":{"loc":{"start":{"line":41,"column":43},"end":{"line":41,"column":61}},"type":"binary-expr","locations":[{"start":{"line":41,"column":43},"end":{"line":41,"column":52}},{"start":{"line":41,"column":56},"end":{"line":41,"column":61}}],"line":41},"2":{"loc":{"start":{"line":42,"column":45},"end":{"line":42,"column":65}},"type":"binary-expr","locations":[{"start":{"line":42,"column":45},"end":{"line":42,"column":56}},{"start":{"line":42,"column":60},"end":{"line":42,"column":65}}],"line":42},"3":{"loc":{"start":{"line":44,"column":18},"end":{"line":44,"column":93}},"type":"cond-expr","locations":[{"start":{"line":44,"column":37},"end":{"line":44,"column":88}},{"start":{"line":44,"column":91},"end":{"line":44,"column":93}}],"line":44}},"s":{"0":0,"1":0,"2":0,"3":0,"4":0,"5":0,"6":0,"7":0,"8":0,"9":0,"10":0,"11":0,"12":0,"13":0,"14":0,"15":0,"16":0},"f":{"0":0,"1":0,"2":0,"3":0,"4":0,"5":0},"b":{"0":[0,0],"1":[0,0],"2":[0,0],"3":[0,0]}}
,"/Users/marceloramos/Documents/ProgramaçãoPessoal/TekeverProject/tvshow-tracker-frontend/src/services/exportService.js": {"path":"/Users/marceloramos/Documents/ProgramaçãoPessoal/TekeverProject/tvshow-tracker-frontend/src/services/exportService.js","statementMap":{"0":{"start":{"line":4,"column":29},"end":{"line":100,"column":1}},"1":{"start":{"line":6,"column":4},"end":{"line":9,"column":5}},"2":{"start":{"line":7,"column":6},"end":{"line":7,"column":51}},"3":{"start":{"line":8,"column":6},"end":{"line":8,"column":13}},"4":{"start":{"line":11,"column":4},"end":{"line":28,"column":5}},"5":{"start":{"line":12,"column":22},"end":{"line":12,"column":42}},"6":{"start":{"line":13,"column":25},"end":{"line":20,"column":18}},"7":{"start":{"line":16,"column":10},"end":{"line":18,"column":21}},"8":{"start":{"line":17,"column":12},"end":{"line":17,"column":64}},"9":{"start":{"line":22,"column":19},"end":{"line":22,"column":78}},"10":{"start":{"line":23,"column":6},"end":{"line":23,"column":40}},"11":{"start":{"line":24,"column":6},"end":{"line":24,"column":50}},"12":{"start":{"line":26,"column":6},"end":{"line":26,"column":54}},"13":{"start":{"line":27,"column":6},"end":{"line":27,"column":18}},"14":{"start":{"line":32,"column":4},"end":{"line":35,"column":5}},"15":{"start":{"line":33,"column":6},"end":{"line":33,"column":51}},"16":{"start":{"line":34,"column":6},"end":{"line":34,"column":13}},"17":{"start":{"line":37,"column":4},"end":{"line":87,"column":5}},"18":{"start":{"line":38,"column":18},"end":{"line":38,"column":29}},"19":{"start":{"line":39,"column":22},"end":{"line":39,"column":24}},"20":{"start":{"line":40,"column":25},"end":{"line":40,"column":53}},"21":{"start":{"line":43,"column":6},"end":{"line":43,"column":26}},"22":{"start":{"line":44,"column":6},"end":{"line":44,"column":35}},"23":{"start":{"line":45,"column":6},"end":{"line":45,"column":71}},"24":{"start":{"line":46,"column":6},"end":{"line":46,"column":22}},"25":{"start":{"line":49,"column":6},"end":{"line":49,"column":26}},"26":{"start":{"line":50,"column":6},"end":{"line":50,"column":38}},"27":{"start":{"line":51,"column":6},"end":{"line":51,"column":89}},"28":{"start":{"line":52,"column":6},"end":{"line":52,"column":22}},"29":{"start":{"line":55,"column":6},"end":{"line":55,"column":26}},"30":{"start":{"line":56,"column":6},"end":{"line":56,"column":35}},"31":{"start":{"line":58,"column":6},"end":{"line":80,"column":9}},"32":{"start":{"line":60,"column":8},"end":{"line":63,"column":9}},"33":{"start":{"line":61,"column":10},"end":{"line":61,"column":24}},"34":{"start":{"line":62,"column":10},"end":{"line":62,"column":25}},"35":{"start":{"line":66,"column":8},"end":{"line":66,"column":39}},"36":{"start":{"line":67,"column":8},"end":{"line":67,"column":74}},"37":{"start":{"line":68,"column":8},"end":{"line":68,"column":23}},"38":{"start":{"line":71,"column":8},"end":{"line":71,"column":41}},"39":{"start":{"line":72,"column":8},"end":{"line":77,"column":11}},"40":{"start":{"line":73,"column":10},"end":{"line":76,"column":11}},"41":{"start":{"line":74,"column":12},"end":{"line":74,"column":59}},"42":{"start":{"line":75,"column":12},"end":{"line":75,"column":27}},"43":{"start":{"line":79,"column":8},"end":{"line":79,"column":23}},"44":{"start":{"line":82,"column":6},"end":{"line":82,"column":25}},"45":{"start":{"line":83,"column":6},"end":{"line":83,"column":50}},"46":{"start":{"line":85,"column":6},"end":{"line":85,"column":54}},"47":{"start":{"line":86,"column":6},"end":{"line":86,"column":18}},"48":{"start":{"line":91,"column":16},"end":{"line":91,"column":41}},"49":{"start":{"line":92,"column":14},"end":{"line":92,"column":41}},"50":{"start":{"line":93,"column":4},"end":{"line":93,"column":17}},"51":{"start":{"line":94,"column":4},"end":{"line":94,"column":26}},"52":{"start":{"line":95,"column":4},"end":{"line":95,"column":33}},"53":{"start":{"line":96,"column":4},"end":{"line":96,"column":14}},"54":{"start":{"line":97,"column":4},"end":{"line":97,"column":33}},"55":{"start":{"line":98,"column":4},"end":{"line":98,"column":29}}},"fnMap":{"0":{"name":"(anonymous_0)","decl":{"start":{"line":5,"column":2},"end":{"line":5,"column":3}},"loc":{"start":{"line":5,"column":43},"end":{"line":29,"column":3}},"line":5},"1":{"name":"(anonymous_1)","decl":{"start":{"line":15,"column":20},"end":{"line":15,"column":21}},"loc":{"start":{"line":16,"column":10},"end":{"line":18,"column":21}},"line":16},"2":{"name":"(anonymous_2)","decl":{"start":{"line":16,"column":22},"end":{"line":16,"column":23}},"loc":{"start":{"line":17,"column":12},"end":{"line":17,"column":64}},"line":17},"3":{"name":"(anonymous_3)","decl":{"start":{"line":31,"column":2},"end":{"line":31,"column":3}},"loc":{"start":{"line":31,"column":43},"end":{"line":88,"column":3}},"line":31},"4":{"name":"(anonymous_4)","decl":{"start":{"line":58,"column":19},"end":{"line":58,"column":20}},"loc":{"start":{"line":58,"column":36},"end":{"line":80,"column":7}},"line":58},"5":{"name":"(anonymous_5)","decl":{"start":{"line":72,"column":37},"end":{"line":72,"column":38}},"loc":{"start":{"line":72,"column":55},"end":{"line":77,"column":9}},"line":72},"6":{"name":"(anonymous_6)","decl":{"start":{"line":90,"column":2},"end":{"line":90,"column":3}},"loc":{"start":{"line":90,"column":31},"end":{"line":99,"column":3}},"line":90}},"branchMap":{"0":{"loc":{"start":{"line":5,"column":20},"end":{"line":5,"column":41}},"type":"default-arg","locations":[{"start":{"line":5,"column":31},"end":{"line":5,"column":41}}],"line":5},"1":{"loc":{"start":{"line":6,"column":4},"end":{"line":9,"column":5}},"type":"if","locations":[{"start":{"line":6,"column":4},"end":{"line":9,"column":5}},{"start":{},"end":{}}],"line":6},"2":{"loc":{"start":{"line":6,"column":8},"end":{"line":6,"column":34}},"type":"binary-expr","locations":[{"start":{"line":6,"column":8},"end":{"line":6,"column":13}},{"start":{"line":6,"column":17},"end":{"line":6,"column":34}}],"line":6},"3":{"loc":{"start":{"line":17,"column":23},"end":{"line":17,"column":40}},"type":"binary-expr","locations":[{"start":{"line":17,"column":23},"end":{"line":17,"column":34}},{"start":{"line":17,"column":38},"end":{"line":17,"column":40}}],"line":17},"4":{"loc":{"start":{"line":31,"column":20},"end":{"line":31,"column":41}},"type":"default-arg","locations":[{"start":{"line":31,"column":31},"end":{"line":31,"column":41}}],"line":31},"5":{"loc":{"start":{"line":32,"column":4},"end":{"line":35,"column":5}},"type":"if","locations":[{"start":{"line":32,"column":4},"end":{"line":35,"column":5}},{"start":{},"end":{}}],"line":32},"6":{"loc":{"start":{"line":32,"column":8},"end":{"line":32,"column":34}},"type":"binary-expr","locations":[{"start":{"line":32,"column":8},"end":{"line":32,"column":13}},{"start":{"line":32,"column":17},"end":{"line":32,"column":34}}],"line":32},"7":{"loc":{"start":{"line":60,"column":8},"end":{"line":63,"column":9}},"type":"if","locations":[{"start":{"line":60,"column":8},"end":{"line":63,"column":9}},{"start":{},"end":{}}],"line":60},"8":{"loc":{"start":{"line":67,"column":34},"end":{"line":67,"column":55}},"type":"binary-expr","locations":[{"start":{"line":67,"column":34},"end":{"line":67,"column":45}},{"start":{"line":67,"column":49},"end":{"line":67,"column":55}}],"line":67},"9":{"loc":{"start":{"line":73,"column":10},"end":{"line":76,"column":11}},"type":"if","locations":[{"start":{"line":73,"column":10},"end":{"line":76,"column":11}},{"start":{},"end":{}}],"line":73},"10":{"loc":{"start":{"line":73,"column":14},"end":{"line":73,"column":61}},"type":"binary-expr","locations":[{"start":{"line":73,"column":14},"end":{"line":73,"column":30}},{"start":{"line":73,"column":34},"end":{"line":73,"column":61}}],"line":73}},"s":{"0":0,"1":0,"2":0,"3":0,"4":0,"5":0,"6":0,"7":0,"8":0,"9":0,"10":0,"11":0,"12":0,"13":0,"14":0,"15":0,"16":0,"17":0,"18":0,"19":0,"20":0,"21":0,"22":0,"23":0,"24":0,"25":0,"26":0,"27":0,"28":0,"29":0,"30":0,"31":0,"32":0,"33":0,"34":0,"35":0,"36":0,"37":0,"38":0,"39":0,"40":0,"41":0,"42":0,"43":0,"44":0,"45":0,"46":0,"47":0,"48":0,"49":0,"50":0,"51":0,"52":0,"53":0,"54":0,"55":0},"f":{"0":0,"1":0,"2":0,"3":0,"4":0,"5":0,"6":0},"b":{"0":[0],"1":[0,0],"2":[0,0],"3":[0,0],"4":[0],"5":[0,0],"6":[0,0],"7":[0,0],"8":[0,0],"9":[0,0],"10":[0,0]}}
}
