TN:
SF:src/App.jsx
FN:21,(anonymous_0)
FN:75,(anonymous_1)
FN:84,(anonymous_2)
FN:183,(anonymous_3)
FN:203,(anonymous_4)
FN:271,(anonymous_5)
FN:421,App
FN:422,(anonymous_7)
FN:426,(anonymous_8)
FNF:9
FNH:0
FNDA:0,(anonymous_0)
FNDA:0,(anonymous_1)
FNDA:0,(anonymous_2)
FNDA:0,(anonymous_3)
FNDA:0,(anonymous_4)
FNDA:0,(anonymous_5)
FNDA:0,App
FNDA:0,(anonymous_7)
FNDA:0,(anonymous_8)
DA:21,0
DA:22,0
DA:23,0
DA:24,0
DA:26,0
DA:27,0
DA:37,0
DA:38,0
DA:48,0
DA:49,0
DA:56,0
DA:57,0
DA:67,0
DA:76,0
DA:84,0
DA:85,0
DA:87,0
DA:183,0
DA:184,0
DA:185,0
DA:193,0
DA:203,0
DA:204,0
DA:271,0
DA:272,0
DA:422,0
DA:424,0
DA:426,0
DA:427,0
DA:431,0
DA:454,0
LF:31
LH:0
BRDA:26,0,0,0
BRDA:26,0,1,0
BRDA:37,1,0,0
BRDA:37,1,1,0
BRDA:48,2,0,0
BRDA:48,2,1,0
BRDA:56,3,0,0
BRDA:56,3,1,0
BRDA:129,4,0,0
BRDA:129,4,1,0
BRDA:184,5,0,0
BRDA:184,5,1,0
BRF:12
BRH:0
end_of_record
TN:
SF:src/components/ActorCard.jsx
FN:7,(anonymous_0)
FN:19,(anonymous_1)
FN:20,(anonymous_2)
FN:37,(anonymous_3)
FN:65,(anonymous_4)
FN:73,(anonymous_5)
FN:87,(anonymous_6)
FN:109,(anonymous_7)
FN:114,(anonymous_8)
FN:118,(anonymous_9)
FN:131,(anonymous_10)
FN:154,(anonymous_11)
FN:158,(anonymous_12)
FN:183,(anonymous_13)
FN:186,(anonymous_14)
FN:303,(anonymous_15)
FN:394,(anonymous_16)
FN:397,(anonymous_17)
FNF:18
FNH:0
FNDA:0,(anonymous_0)
FNDA:0,(anonymous_1)
FNDA:0,(anonymous_2)
FNDA:0,(anonymous_3)
FNDA:0,(anonymous_4)
FNDA:0,(anonymous_5)
FNDA:0,(anonymous_6)
FNDA:0,(anonymous_7)
FNDA:0,(anonymous_8)
FNDA:0,(anonymous_9)
FNDA:0,(anonymous_10)
FNDA:0,(anonymous_11)
FNDA:0,(anonymous_12)
FNDA:0,(anonymous_13)
FNDA:0,(anonymous_14)
FNDA:0,(anonymous_15)
FNDA:0,(anonymous_16)
FNDA:0,(anonymous_17)
DA:7,0
DA:8,0
DA:9,0
DA:10,0
DA:11,0
DA:12,0
DA:13,0
DA:16,0
DA:19,0
DA:20,0
DA:21,0
DA:22,0
DA:23,0
DA:24,0
DA:26,0
DA:30,0
DA:31,0
DA:37,0
DA:38,0
DA:61,0
DA:65,0
DA:66,0
DA:67,0
DA:68,0
DA:69,0
DA:70,0
DA:73,0
DA:74,0
DA:75,0
DA:76,0
DA:77,0
DA:78,0
DA:80,0
DA:81,0
DA:84,0
DA:87,0
DA:88,0
DA:89,0
DA:90,0
DA:91,0
DA:94,0
DA:95,0
DA:96,0
DA:98,0
DA:99,0
DA:102,0
DA:103,0
DA:105,0
DA:109,0
DA:110,0
DA:111,0
DA:114,0
DA:115,0
DA:118,0
DA:119,0
DA:121,0
DA:122,0
DA:123,0
DA:124,0
DA:125,0
DA:127,0
DA:131,0
DA:132,0
DA:133,0
DA:137,0
DA:138,0
DA:140,0
DA:155,0
DA:156,0
DA:159,0
DA:160,0
DA:184,0
DA:187,0
DA:304,0
DA:395,0
DA:398,0
LF:76
LH:0
BRDA:9,0,0,0
BRDA:9,0,1,0
BRDA:24,1,0,0
BRDA:24,1,1,0
BRDA:30,2,0,0
BRDA:30,2,1,0
BRDA:61,3,0,0
BRDA:61,3,1,0
BRDA:66,4,0,0
BRDA:66,4,1,0
BRDA:67,5,0,0
BRDA:67,5,1,0
BRDA:68,6,0,0
BRDA:68,6,1,0
BRDA:69,7,0,0
BRDA:69,7,1,0
BRDA:74,8,0,0
BRDA:74,8,1,0
BRDA:80,9,0,0
BRDA:80,9,1,0
BRDA:80,10,0,0
BRDA:80,10,1,0
BRDA:80,10,2,0
BRDA:89,11,0,0
BRDA:89,11,1,0
BRDA:98,12,0,0
BRDA:98,12,1,0
BRDA:110,13,0,0
BRDA:110,13,1,0
BRDA:122,14,0,0
BRDA:122,14,1,0
BRDA:122,15,0,0
BRDA:122,15,1,0
BRDA:137,16,0,0
BRDA:137,16,1,0
BRDA:138,17,0,0
BRDA:138,17,1,0
BRDA:165,18,0,0
BRDA:165,18,1,0
BRDA:177,19,0,0
BRDA:177,19,1,0
BRDA:189,20,0,0
BRDA:189,20,1,0
BRDA:191,21,0,0
BRDA:191,21,1,0
BRDA:209,22,0,0
BRDA:209,22,1,0
BRDA:209,23,0,0
BRDA:209,23,1,0
BRDA:250,24,0,0
BRDA:250,24,1,0
BRDA:263,25,0,0
BRDA:263,25,1,0
BRDA:277,26,0,0
BRDA:277,26,1,0
BRDA:284,27,0,0
BRDA:284,27,1,0
BRDA:313,28,0,0
BRDA:313,28,1,0
BRDA:314,29,0,0
BRDA:314,29,1,0
BRDA:322,30,0,0
BRDA:322,30,1,0
BRDA:352,31,0,0
BRDA:352,31,1,0
BRDA:368,32,0,0
BRDA:368,32,1,0
BRF:67
BRH:0
end_of_record
TN:
SF:src/components/ActorModal.jsx
FN:3,(anonymous_0)
FN:4,(anonymous_1)
FN:5,(anonymous_2)
FN:15,(anonymous_3)
FN:23,(anonymous_4)
FN:38,(anonymous_5)
FN:55,(anonymous_6)
FN:100,(anonymous_7)
FN:107,(anonymous_8)
FNF:9
FNH:0
FNDA:0,(anonymous_0)
FNDA:0,(anonymous_1)
FNDA:0,(anonymous_2)
FNDA:0,(anonymous_3)
FNDA:0,(anonymous_4)
FNDA:0,(anonymous_5)
FNDA:0,(anonymous_6)
FNDA:0,(anonymous_7)
FNDA:0,(anonymous_8)
DA:3,0
DA:4,0
DA:5,0
DA:6,0
DA:7,0
DA:11,0
DA:12,0
DA:15,0
DA:16,0
DA:20,0
DA:23,0
DA:24,0
DA:25,0
DA:26,0
DA:27,0
DA:29,0
DA:30,0
DA:33,0
DA:36,0
DA:38,0
DA:56,0
DA:101,0
DA:108,0
DA:155,0
LF:24
LH:0
BRDA:6,0,0,0
BRDA:6,0,1,0
BRDA:11,1,0,0
BRDA:11,1,1,0
BRDA:20,2,0,0
BRDA:20,2,1,0
BRDA:20,3,0,0
BRDA:20,3,1,0
BRDA:29,4,0,0
BRDA:29,4,1,0
BRDA:29,5,0,0
BRDA:29,5,1,0
BRDA:29,5,2,0
BRDA:91,6,0,0
BRDA:91,6,1,0
BRDA:96,7,0,0
BRDA:96,7,1,0
BRDA:96,7,2,0
BRDA:121,8,0,0
BRDA:121,8,1,0
BRF:20
BRH:0
end_of_record
TN:
SF:src/components/EmailPreferences.jsx
FN:5,(anonymous_0)
FNF:1
FNH:0
FNDA:0,(anonymous_0)
DA:5,0
DA:6,0
DA:8,0
LF:3
LH:0
BRDA:36,0,0,0
BRDA:36,0,1,0
BRF:2
BRH:0
end_of_record
TN:
SF:src/components/ExportData.jsx
FN:7,(anonymous_0)
FN:14,(anonymous_1)
FN:71,(anonymous_2)
FN:128,(anonymous_3)
FN:130,(anonymous_4)
FN:166,(anonymous_5)
FN:342,(anonymous_6)
FN:349,(anonymous_7)
FN:355,(anonymous_8)
FN:368,(anonymous_9)
FN:375,(anonymous_10)
FN:381,(anonymous_11)
FN:414,(anonymous_12)
FN:420,(anonymous_13)
FNF:14
FNH:0
FNDA:0,(anonymous_0)
FNDA:0,(anonymous_1)
FNDA:0,(anonymous_2)
FNDA:0,(anonymous_3)
FNDA:0,(anonymous_4)
FNDA:0,(anonymous_5)
FNDA:0,(anonymous_6)
FNDA:0,(anonymous_7)
FNDA:0,(anonymous_8)
FNDA:0,(anonymous_9)
FNDA:0,(anonymous_10)
FNDA:0,(anonymous_11)
FNDA:0,(anonymous_12)
FNDA:0,(anonymous_13)
DA:7,0
DA:8,0
DA:9,0
DA:10,0
DA:11,0
DA:14,0
DA:15,0
DA:16,0
DA:18,0
DA:19,0
DA:21,0
DA:22,0
DA:24,0
DA:25,0
DA:26,0
DA:27,0
DA:28,0
DA:29,0
DA:32,0
DA:34,0
DA:40,0
DA:41,0
DA:44,0
DA:45,0
DA:46,0
DA:47,0
DA:48,0
DA:49,0
DA:50,0
DA:51,0
DA:52,0
DA:54,0
DA:57,0
DA:60,0
DA:61,0
DA:62,0
DA:65,0
DA:66,0
DA:71,0
DA:72,0
DA:73,0
DA:75,0
DA:76,0
DA:78,0
DA:79,0
DA:81,0
DA:82,0
DA:83,0
DA:84,0
DA:85,0
DA:86,0
DA:89,0
DA:91,0
DA:97,0
DA:98,0
DA:101,0
DA:102,0
DA:103,0
DA:104,0
DA:105,0
DA:106,0
DA:107,0
DA:108,0
DA:109,0
DA:111,0
DA:114,0
DA:117,0
DA:118,0
DA:119,0
DA:122,0
DA:123,0
DA:128,0
DA:129,0
DA:130,0
DA:143,0
DA:166,0
DA:167,0
DA:168,0
DA:170,0
DA:171,0
DA:173,0
DA:175,0
DA:181,0
DA:182,0
DA:185,0
DA:188,0
DA:198,0
DA:199,0
DA:202,0
DA:203,0
DA:205,0
DA:206,0
DA:210,0
DA:314,0
DA:315,0
DA:322,0
DA:342,0
DA:350,0
DA:351,0
DA:352,0
DA:356,0
DA:357,0
DA:368,0
DA:376,0
DA:377,0
DA:378,0
DA:382,0
DA:383,0
DA:415,0
DA:416,0
DA:417,0
DA:421,0
DA:422,0
LF:113
LH:0
BRDA:14,0,0,0
BRDA:24,1,0,0
BRDA:24,1,1,0
BRDA:27,2,0,0
BRDA:27,2,1,0
BRDA:40,3,0,0
BRDA:40,3,1,0
BRDA:71,4,0,0
BRDA:81,5,0,0
BRDA:81,5,1,0
BRDA:84,6,0,0
BRDA:84,6,1,0
BRDA:97,7,0,0
BRDA:97,7,1,0
BRDA:128,8,0,0
BRDA:129,9,0,0
BRDA:129,9,1,0
BRDA:136,10,0,0
BRDA:136,10,1,0
BRDA:137,11,0,0
BRDA:137,11,1,0
BRDA:181,12,0,0
BRDA:181,12,1,0
BRDA:190,13,0,0
BRDA:190,13,1,0
BRDA:191,14,0,0
BRDA:191,14,1,0
BRDA:192,15,0,0
BRDA:192,15,1,0
BRDA:193,16,0,0
BRDA:193,16,1,0
BRDA:314,17,0,0
BRDA:314,17,1,0
BRDA:343,18,0,0
BRDA:343,18,1,0
BRDA:347,19,0,0
BRDA:347,19,1,0
BRDA:347,20,0,0
BRDA:347,20,1,0
BRDA:350,21,0,0
BRDA:350,21,1,0
BRDA:350,22,0,0
BRDA:350,22,1,0
BRDA:360,23,0,0
BRDA:360,23,1,0
BRDA:360,24,0,0
BRDA:360,24,1,0
BRDA:369,25,0,0
BRDA:369,25,1,0
BRDA:373,26,0,0
BRDA:373,26,1,0
BRDA:373,27,0,0
BRDA:373,27,1,0
BRDA:376,28,0,0
BRDA:376,28,1,0
BRDA:376,29,0,0
BRDA:376,29,1,0
BRDA:386,30,0,0
BRDA:386,30,1,0
BRDA:386,31,0,0
BRDA:386,31,1,0
BRDA:394,32,0,0
BRDA:394,32,1,0
BRDA:412,33,0,0
BRDA:412,33,1,0
BRDA:415,34,0,0
BRDA:415,34,1,0
BRDA:425,35,0,0
BRDA:425,35,1,0
BRDA:425,36,0,0
BRDA:425,36,1,0
BRDA:435,37,0,0
BRDA:435,37,1,0
BRDA:440,38,0,0
BRDA:440,38,1,0
BRF:75
BRH:0
end_of_record
TN:
SF:src/components/GDPRBanner.jsx
FN:5,(anonymous_0)
FNF:1
FNH:1
FNDA:6,(anonymous_0)
DA:5,1
DA:6,6
DA:8,6
DA:9,2
DA:12,4
LF:5
LH:5
BRDA:8,0,0,2
BRDA:8,0,1,4
BRF:2
BRH:2
end_of_record
TN:
SF:src/components/Layout.jsx
FN:6,(anonymous_0)
FN:11,(anonymous_1)
FN:13,(anonymous_2)
FN:44,(anonymous_3)
FN:45,(anonymous_4)
FN:65,(anonymous_5)
FN:72,(anonymous_6)
FN:95,(anonymous_7)
FN:102,(anonymous_8)
FN:132,(anonymous_9)
FN:136,(anonymous_10)
FN:162,(anonymous_11)
FN:166,(anonymous_12)
FN:193,(anonymous_13)
FN:197,(anonymous_14)
FN:217,(anonymous_15)
FN:221,(anonymous_16)
FNF:17
FNH:2
FNDA:8,(anonymous_0)
FNDA:64,(anonymous_1)
FNDA:0,(anonymous_2)
FNDA:0,(anonymous_3)
FNDA:0,(anonymous_4)
FNDA:0,(anonymous_5)
FNDA:0,(anonymous_6)
FNDA:0,(anonymous_7)
FNDA:0,(anonymous_8)
FNDA:0,(anonymous_9)
FNDA:0,(anonymous_10)
FNDA:0,(anonymous_11)
FNDA:0,(anonymous_12)
FNDA:0,(anonymous_13)
FNDA:0,(anonymous_14)
FNDA:0,(anonymous_15)
FNDA:0,(anonymous_16)
DA:6,1
DA:7,8
DA:8,8
DA:9,8
DA:11,64
DA:13,8
DA:14,0
DA:15,0
DA:18,8
DA:44,0
DA:45,0
DA:66,0
DA:67,0
DA:68,0
DA:69,0
DA:73,0
DA:74,0
DA:75,0
DA:76,0
DA:96,0
DA:97,0
DA:98,0
DA:99,0
DA:103,0
DA:104,0
DA:105,0
DA:106,0
DA:133,0
DA:134,0
DA:137,0
DA:138,0
DA:163,0
DA:164,0
DA:167,0
DA:168,0
DA:194,0
DA:195,0
DA:198,0
DA:199,0
DA:218,0
DA:219,0
DA:222,0
DA:223,0
LF:43
LH:7
BRDA:55,0,0,0
BRDA:55,0,1,8
BRDA:57,1,0,0
BRDA:57,1,1,8
BRDA:62,2,0,0
BRDA:62,2,1,8
BRDA:63,3,0,0
BRDA:63,3,1,8
BRDA:66,4,0,0
BRDA:66,4,1,0
BRDA:73,5,0,0
BRDA:73,5,1,0
BRDA:85,6,0,0
BRDA:85,6,1,8
BRDA:87,7,0,0
BRDA:87,7,1,8
BRDA:92,8,0,0
BRDA:92,8,1,8
BRDA:93,9,0,0
BRDA:93,9,1,8
BRDA:96,10,0,0
BRDA:96,10,1,0
BRDA:103,11,0,0
BRDA:103,11,1,0
BRDA:114,12,0,0
BRDA:114,12,1,8
BRF:26
BRH:9
end_of_record
TN:
SF:src/components/LoadingSpinner.jsx
FN:3,(anonymous_0)
FNF:1
FNH:1
FNDA:3,(anonymous_0)
DA:3,1
DA:4,3
LF:2
LH:2
BRDA:3,0,0,2
BRDA:3,1,0,3
BRF:2
BRH:2
end_of_record
TN:
SF:src/components/SearchBar.jsx
FN:4,(anonymous_0)
FN:19,(anonymous_1)
FN:20,(anonymous_2)
FN:27,(anonymous_3)
FN:32,(anonymous_4)
FN:36,(anonymous_5)
FN:40,(anonymous_6)
FN:52,(anonymous_7)
FN:82,(anonymous_8)
FN:105,(anonymous_9)
FNF:10
FNH:0
FNDA:0,(anonymous_0)
FNDA:0,(anonymous_1)
FNDA:0,(anonymous_2)
FNDA:0,(anonymous_3)
FNDA:0,(anonymous_4)
FNDA:0,(anonymous_5)
FNDA:0,(anonymous_6)
FNDA:0,(anonymous_7)
FNDA:0,(anonymous_8)
FNDA:0,(anonymous_9)
DA:4,0
DA:14,0
DA:16,0
DA:19,0
DA:20,0
DA:21,0
DA:22,0
DA:26,0
DA:27,0
DA:28,0
DA:32,0
DA:33,0
DA:36,0
DA:37,0
DA:40,0
DA:41,0
DA:44,0
DA:52,0
DA:83,0
DA:106,0
DA:137,0
DA:255,0
DA:256,0
LF:23
LH:0
BRDA:21,0,0,0
BRDA:21,0,1,0
BRDA:21,1,0,0
BRDA:21,1,1,0
BRDA:52,2,0,0
BRDA:52,2,1,0
BRDA:56,3,0,0
BRDA:56,3,1,0
BRDA:62,4,0,0
BRDA:62,4,1,0
BRDA:62,4,2,0
BRDA:74,5,0,0
BRDA:74,5,1,0
BRDA:77,6,0,0
BRDA:77,6,1,0
BRDA:100,7,0,0
BRDA:100,7,1,0
BRDA:123,8,0,0
BRDA:123,8,1,0
BRDA:123,8,2,0
BRDA:123,8,3,0
BRF:21
BRH:0
end_of_record
TN:
SF:src/components/TvShowCard.jsx
FN:8,(anonymous_0)
FN:17,(anonymous_1)
FN:61,(anonymous_2)
FN:69,(anonymous_3)
FN:78,(anonymous_4)
FN:83,(anonymous_5)
FN:102,(anonymous_6)
FN:106,(anonymous_7)
FN:138,(anonymous_8)
FN:145,(anonymous_9)
FN:179,(anonymous_10)
FN:286,(anonymous_11)
FN:353,(anonymous_12)
FN:356,(anonymous_13)
FNF:14
FNH:4
FNDA:6,(anonymous_0)
FNDA:0,(anonymous_1)
FNDA:1,(anonymous_2)
FNDA:6,(anonymous_3)
FNDA:0,(anonymous_4)
FNDA:0,(anonymous_5)
FNDA:0,(anonymous_6)
FNDA:0,(anonymous_7)
FNDA:0,(anonymous_8)
FNDA:0,(anonymous_9)
FNDA:0,(anonymous_10)
FNDA:12,(anonymous_11)
FNDA:0,(anonymous_12)
FNDA:0,(anonymous_13)
DA:8,1
DA:9,6
DA:10,6
DA:11,6
DA:14,6
DA:17,6
DA:18,0
DA:20,0
DA:29,0
DA:34,0
DA:35,0
DA:36,0
DA:39,0
DA:40,0
DA:41,0
DA:42,0
DA:43,0
DA:45,0
DA:46,0
DA:49,0
DA:50,0
DA:53,0
DA:54,0
DA:56,0
DA:61,6
DA:62,1
DA:63,1
DA:64,1
DA:65,1
DA:69,6
DA:70,6
DA:71,1
DA:72,5
DA:73,1
DA:75,4
DA:78,6
DA:79,0
DA:80,0
DA:83,6
DA:84,0
DA:87,6
DA:89,6
DA:103,0
DA:104,0
DA:107,0
DA:108,0
DA:139,0
DA:140,0
DA:141,0
DA:142,0
DA:146,0
DA:147,0
DA:148,0
DA:180,0
DA:287,12
DA:354,0
DA:357,0
LF:57
LH:22
BRDA:34,0,0,0
BRDA:34,0,1,0
BRDA:41,1,0,0
BRDA:41,1,1,0
BRDA:49,2,0,0
BRDA:49,2,1,0
BRDA:62,3,0,0
BRDA:62,3,1,1
BRDA:70,4,0,1
BRDA:70,4,1,5
BRDA:70,5,0,6
BRDA:70,5,1,1
BRDA:72,6,0,1
BRDA:72,6,1,4
BRDA:72,7,0,5
BRDA:72,7,1,5
BRDA:73,8,0,1
BRDA:73,8,1,0
BRDA:79,9,0,0
BRDA:79,9,1,0
BRDA:113,10,0,6
BRDA:113,10,1,6
BRDA:124,11,0,0
BRDA:124,11,1,6
BRDA:125,12,0,0
BRDA:125,12,1,6
BRDA:130,13,0,0
BRDA:130,13,1,6
BRDA:139,14,0,0
BRDA:139,14,1,0
BRDA:150,15,0,0
BRDA:150,15,1,6
BRDA:152,16,0,0
BRDA:152,16,1,6
BRDA:152,17,0,0
BRDA:152,17,1,6
BRDA:170,18,0,4
BRDA:170,18,1,2
BRDA:184,19,0,6
BRDA:184,19,1,4
BRDA:184,19,2,6
BRDA:194,20,0,1
BRDA:194,20,1,5
BRDA:212,21,0,6
BRDA:212,21,1,6
BRDA:225,22,0,6
BRDA:225,22,1,6
BRDA:239,23,0,6
BRDA:239,23,1,6
BRDA:246,24,0,6
BRDA:246,24,1,2
BRDA:252,25,0,6
BRDA:252,25,1,6
BRDA:267,26,0,6
BRDA:267,26,1,6
BRDA:267,26,2,6
BRDA:323,27,0,12
BRDA:323,27,1,12
BRF:58
BRH:40
end_of_record
TN:
SF:src/components/TvShowModal.jsx
FN:4,(anonymous_0)
FN:10,(anonymous_1)
FN:11,(anonymous_2)
FN:21,(anonymous_3)
FN:27,(anonymous_4)
FN:41,(anonymous_5)
FN:58,(anonymous_6)
FN:58,(anonymous_7)
FN:80,(anonymous_8)
FN:86,(anonymous_9)
FN:103,(anonymous_10)
FN:170,(anonymous_11)
FN:173,(anonymous_12)
FN:193,(anonymous_13)
FN:247,(anonymous_14)
FNF:15
FNH:0
FNDA:0,(anonymous_0)
FNDA:0,(anonymous_1)
FNDA:0,(anonymous_2)
FNDA:0,(anonymous_3)
FNDA:0,(anonymous_4)
FNDA:0,(anonymous_5)
FNDA:0,(anonymous_6)
FNDA:0,(anonymous_7)
FNDA:0,(anonymous_8)
FNDA:0,(anonymous_9)
FNDA:0,(anonymous_10)
FNDA:0,(anonymous_11)
FNDA:0,(anonymous_12)
FNDA:0,(anonymous_13)
FNDA:0,(anonymous_14)
DA:4,0
DA:5,0
DA:6,0
DA:7,0
DA:8,0
DA:10,0
DA:11,0
DA:12,0
DA:13,0
DA:17,0
DA:18,0
DA:21,0
DA:22,0
DA:27,0
DA:28,0
DA:29,0
DA:30,0
DA:31,0
DA:34,0
DA:35,0
DA:36,0
DA:41,0
DA:42,0
DA:43,0
DA:46,0
DA:47,0
DA:48,0
DA:49,0
DA:50,0
DA:52,0
DA:53,0
DA:55,0
DA:58,0
DA:59,0
DA:61,0
DA:63,0
DA:64,0
DA:65,0
DA:68,0
DA:70,0
DA:71,0
DA:72,0
DA:73,0
DA:75,0
DA:80,0
DA:82,0
DA:84,0
DA:86,0
DA:104,0
DA:170,0
DA:174,0
DA:194,0
DA:248,0
DA:324,0
DA:626,0
DA:627,0
LF:56
LH:0
BRDA:12,0,0,0
BRDA:12,0,1,0
BRDA:17,1,0,0
BRDA:17,1,1,0
BRDA:28,2,0,0
BRDA:28,2,1,0
BRDA:28,3,0,0
BRDA:28,3,1,0
BRDA:28,3,2,0
BRDA:63,4,0,0
BRDA:63,4,1,0
BRDA:71,5,0,0
BRDA:71,5,1,0
BRDA:82,6,0,0
BRDA:82,6,1,0
BRDA:82,7,0,0
BRDA:82,7,1,0
BRDA:130,8,0,0
BRDA:130,8,1,0
BRDA:155,9,0,0
BRDA:155,9,1,0
BRDA:160,10,0,0
BRDA:160,10,1,0
BRDA:165,11,0,0
BRDA:165,11,1,0
BRDA:180,12,0,0
BRDA:180,12,1,0
BRDA:186,13,0,0
BRDA:186,13,1,0
BRDA:191,14,0,0
BRDA:191,14,1,0
BRDA:201,15,0,0
BRDA:201,15,1,0
BRDA:206,16,0,0
BRDA:206,16,1,0
BRDA:214,17,0,0
BRDA:214,17,1,0
BRDA:219,18,0,0
BRDA:219,18,1,0
BRDA:224,19,0,0
BRDA:224,19,1,0
BRDA:243,20,0,0
BRDA:243,20,1,0
BRDA:243,20,2,0
BRDA:252,21,0,0
BRDA:252,21,1,0
BRDA:259,22,0,0
BRDA:259,22,1,0
BRDA:264,23,0,0
BRDA:264,23,1,0
BRDA:269,24,0,0
BRDA:269,24,1,0
BRDA:299,25,0,0
BRDA:299,25,1,0
BRF:54
BRH:0
end_of_record
TN:
SF:src/components/common/Navbar.jsx
FN:4,(anonymous_0)
FNF:1
FNH:0
FNDA:0,(anonymous_0)
DA:4,0
DA:6,0
DA:63,0
LF:3
LH:0
BRF:0
BRH:0
end_of_record
TN:
SF:src/contexts/AuthContext.jsx
FN:7,(anonymous_0)
FN:15,(anonymous_1)
FN:29,(anonymous_2)
FN:57,(anonymous_3)
FN:86,(anonymous_4)
FN:105,(anonymous_5)
FN:114,(anonymous_6)
FN:127,(anonymous_7)
FN:142,(anonymous_8)
FNF:9
FNH:3
FNDA:8,(anonymous_0)
FNDA:8,(anonymous_1)
FNDA:4,(anonymous_2)
FNDA:0,(anonymous_3)
FNDA:0,(anonymous_4)
FNDA:0,(anonymous_5)
FNDA:0,(anonymous_6)
FNDA:0,(anonymous_7)
FNDA:0,(anonymous_8)
DA:5,1
DA:7,1
DA:8,8
DA:9,8
DA:10,0
DA:12,8
DA:15,1
DA:16,8
DA:17,8
DA:18,8
DA:21,8
DA:29,8
DA:30,4
DA:31,4
DA:33,4
DA:39,4
DA:40,0
DA:41,0
DA:42,0
DA:43,0
DA:45,0
DA:46,0
DA:47,0
DA:50,4
DA:51,4
DA:53,4
DA:57,8
DA:58,0
DA:60,0
DA:61,0
DA:62,0
DA:64,0
DA:67,0
DA:68,0
DA:71,0
DA:73,0
DA:74,0
DA:77,0
DA:78,0
DA:86,8
DA:87,0
DA:89,0
DA:90,0
DA:91,0
DA:93,0
DA:94,0
DA:97,0
DA:98,0
DA:105,8
DA:106,0
DA:107,0
DA:108,0
DA:109,0
DA:114,8
DA:115,0
DA:118,0
DA:119,0
DA:120,0
DA:123,0
DA:124,0
DA:127,0
DA:128,0
DA:133,8
DA:143,0
DA:144,0
DA:145,0
DA:146,0
DA:151,8
DA:157,8
LF:69
LH:25
BRDA:9,0,0,0
BRDA:9,0,1,8
BRDA:36,1,0,0
BRDA:36,1,1,4
BRDA:39,2,0,0
BRDA:39,2,1,4
BRDA:39,3,0,4
BRDA:39,3,1,0
BRDA:77,4,0,0
BRDA:77,4,1,0
BRDA:80,5,0,0
BRDA:80,5,1,0
BRDA:97,6,0,0
BRDA:97,6,1,0
BRDA:100,7,0,0
BRDA:100,7,1,0
BRDA:145,8,0,0
BRDA:145,8,1,0
BRF:18
BRH:4
end_of_record
TN:
SF:src/contexts/FavoritesContext.jsx
FN:8,(anonymous_0)
FN:16,(anonymous_1)
FN:22,(anonymous_2)
FN:30,(anonymous_3)
FN:66,(anonymous_4)
FN:71,(anonymous_5)
FN:82,(anonymous_6)
FN:87,(anonymous_7)
FN:87,(anonymous_8)
FN:96,(anonymous_9)
FN:97,(anonymous_10)
FN:101,(anonymous_11)
FN:104,(anonymous_12)
FN:105,(anonymous_13)
FNF:14
FNH:0
FNDA:0,(anonymous_0)
FNDA:0,(anonymous_1)
FNDA:0,(anonymous_2)
FNDA:0,(anonymous_3)
FNDA:0,(anonymous_4)
FNDA:0,(anonymous_5)
FNDA:0,(anonymous_6)
FNDA:0,(anonymous_7)
FNDA:0,(anonymous_8)
FNDA:0,(anonymous_9)
FNDA:0,(anonymous_10)
FNDA:0,(anonymous_11)
FNDA:0,(anonymous_12)
FNDA:0,(anonymous_13)
DA:6,0
DA:8,0
DA:9,0
DA:10,0
DA:11,0
DA:13,0
DA:16,0
DA:17,0
DA:18,0
DA:19,0
DA:22,0
DA:23,0
DA:24,0
DA:26,0
DA:30,0
DA:31,0
DA:33,0
DA:34,0
DA:35,0
DA:38,0
DA:42,0
DA:43,0
DA:45,0
DA:46,0
DA:48,0
DA:51,0
DA:52,0
DA:53,0
DA:54,0
DA:55,0
DA:56,0
DA:58,0
DA:60,0
DA:62,0
DA:66,0
DA:67,0
DA:68,0
DA:69,0
DA:71,0
DA:73,0
DA:74,0
DA:75,0
DA:77,0
DA:78,0
DA:82,0
DA:83,0
DA:84,0
DA:85,0
DA:87,0
DA:88,0
DA:89,0
DA:91,0
DA:92,0
DA:96,0
DA:97,0
DA:101,0
DA:103,0
DA:104,0
DA:105,0
DA:107,0
DA:109,0
DA:112,0
DA:122,0
LF:63
LH:0
BRDA:10,0,0,0
BRDA:10,0,1,0
BRDA:23,1,0,0
BRDA:23,1,1,0
BRDA:23,2,0,0
BRDA:23,2,1,0
BRDA:31,3,0,0
BRDA:31,3,1,0
BRDA:105,4,0,0
BRDA:105,4,1,0
BRF:10
BRH:0
end_of_record
TN:
SF:src/hooks/useActors.js
FN:4,(anonymous_0)
FN:15,(anonymous_1)
FN:16,(anonymous_2)
FN:43,(anonymous_3)
FN:66,(anonymous_4)
FN:67,(anonymous_5)
FNF:6
FNH:0
FNDA:0,(anonymous_0)
FNDA:0,(anonymous_1)
FNDA:0,(anonymous_2)
FNDA:0,(anonymous_3)
FNDA:0,(anonymous_4)
FNDA:0,(anonymous_5)
DA:4,0
DA:5,0
DA:6,0
DA:7,0
DA:8,0
DA:15,0
DA:16,0
DA:17,0
DA:18,0
DA:19,0
DA:21,0
DA:23,0
DA:31,0
DA:33,0
DA:35,0
DA:41,0
DA:42,0
DA:43,0
DA:49,0
DA:50,0
DA:53,0
DA:55,0
DA:56,0
DA:57,0
DA:59,0
DA:63,0
DA:66,0
DA:67,0
DA:73,0
LF:29
LH:0
BRDA:4,0,0,0
BRDA:26,1,0,0
BRDA:26,1,1,0
BRDA:27,2,0,0
BRDA:27,2,1,0
BRDA:28,3,0,0
BRDA:28,3,1,0
BRDA:37,4,0,0
BRDA:37,4,1,0
BRDA:38,5,0,0
BRDA:38,5,1,0
BRDA:41,6,0,0
BRDA:41,6,1,0
BRDA:41,7,0,0
BRDA:41,7,1,0
BRF:15
BRH:0
end_of_record
TN:
SF:src/hooks/useGDPR.js
FN:4,(anonymous_0)
FN:9,(anonymous_1)
FN:15,(anonymous_2)
FN:29,(anonymous_3)
FN:36,(anonymous_4)
FN:45,(anonymous_5)
FN:58,(anonymous_6)
FNF:7
FNH:3
FNDA:6,(anonymous_0)
FNDA:0,(anonymous_1)
FNDA:4,(anonymous_2)
FNDA:1,(anonymous_3)
FNDA:0,(anonymous_4)
FNDA:0,(anonymous_5)
FNDA:0,(anonymous_6)
DA:4,1
DA:5,6
DA:6,6
DA:9,6
DA:11,0
DA:12,0
DA:15,6
DA:17,4
DA:18,4
DA:20,4
DA:21,1
DA:24,4
DA:25,1
DA:29,6
DA:30,1
DA:31,1
DA:32,1
DA:33,1
DA:36,6
DA:37,0
DA:38,0
DA:39,0
DA:40,0
DA:42,0
DA:45,6
DA:46,0
DA:55,0
DA:58,6
DA:60,0
DA:61,0
DA:62,0
DA:63,0
DA:66,0
DA:67,0
DA:69,0
DA:72,6
LF:36
LH:20
BRDA:20,0,0,1
BRDA:20,0,1,3
BRDA:24,1,0,1
BRDA:24,1,1,3
BRDA:47,2,0,0
BRDA:47,2,1,0
BRDA:48,3,0,0
BRDA:48,3,1,0
BRF:8
BRH:4
end_of_record
TN:
SF:src/hooks/useModal.js
FN:3,(anonymous_0)
FN:7,(anonymous_1)
FN:14,(anonymous_2)
FNF:3
FNH:0
FNDA:0,(anonymous_0)
FNDA:0,(anonymous_1)
FNDA:0,(anonymous_2)
DA:3,0
DA:4,0
DA:5,0
DA:7,0
DA:8,0
DA:9,0
DA:11,0
DA:14,0
DA:15,0
DA:16,0
DA:18,0
DA:21,0
LF:12
LH:0
BRF:0
BRH:0
end_of_record
TN:
SF:src/hooks/useRecommendations.js
FN:109,(anonymous_0)
FN:114,(anonymous_1)
FN:115,(anonymous_2)
FN:130,(anonymous_3)
FN:144,(anonymous_4)
FN:144,(anonymous_5)
FN:153,(anonymous_6)
FN:155,(anonymous_7)
FN:162,(anonymous_8)
FN:176,(anonymous_9)
FN:177,(anonymous_10)
FN:181,(anonymous_11)
FN:182,(anonymous_12)
FNF:13
FNH:0
FNDA:0,(anonymous_0)
FNDA:0,(anonymous_1)
FNDA:0,(anonymous_2)
FNDA:0,(anonymous_3)
FNDA:0,(anonymous_4)
FNDA:0,(anonymous_5)
FNDA:0,(anonymous_6)
FNDA:0,(anonymous_7)
FNDA:0,(anonymous_8)
FNDA:0,(anonymous_9)
FNDA:0,(anonymous_10)
FNDA:0,(anonymous_11)
FNDA:0,(anonymous_12)
DA:6,0
DA:109,0
DA:110,0
DA:111,0
DA:112,0
DA:114,0
DA:115,0
DA:116,0
DA:121,0
DA:122,0
DA:123,0
DA:124,0
DA:127,0
DA:130,0
DA:131,0
DA:132,0
DA:134,0
DA:136,0
DA:137,0
DA:138,0
DA:139,0
DA:143,0
DA:144,0
DA:147,0
DA:150,0
DA:153,0
DA:154,0
DA:155,0
DA:158,0
DA:161,0
DA:162,0
DA:165,0
DA:168,0
DA:171,0
DA:173,0
DA:174,0
DA:175,0
DA:176,0
DA:177,0
DA:181,0
DA:182,0
DA:183,0
DA:184,0
DA:186,0
DA:190,0
DA:191,0
DA:194,0
DA:195,0
DA:197,0
DA:202,0
DA:205,0
LF:51
LH:0
BRDA:109,0,0,0
BRDA:121,1,0,0
BRDA:121,1,1,0
BRDA:136,2,0,0
BRDA:136,2,1,0
BRDA:162,3,0,0
BRDA:162,3,1,0
BRDA:162,4,0,0
BRDA:162,4,1,0
BRDA:173,5,0,0
BRDA:173,5,1,0
BRDA:176,6,0,0
BRDA:176,6,1,0
BRDA:177,7,0,0
BRDA:177,7,1,0
BRDA:177,8,0,0
BRDA:177,8,1,0
BRDA:183,9,0,0
BRDA:183,9,1,0
BRF:19
BRH:0
end_of_record
TN:
SF:src/hooks/useSearch.js
FN:5,(anonymous_0)
FN:34,(anonymous_1)
FN:35,(anonymous_2)
FN:40,(anonymous_3)
FN:48,(anonymous_4)
FNF:5
FNH:0
FNDA:0,(anonymous_0)
FNDA:0,(anonymous_1)
FNDA:0,(anonymous_2)
FNDA:0,(anonymous_3)
FNDA:0,(anonymous_4)
DA:5,0
DA:6,0
DA:7,0
DA:14,0
DA:24,0
DA:30,0
DA:31,0
DA:34,0
DA:35,0
DA:37,0
DA:40,0
DA:41,0
DA:42,0
DA:44,0
DA:48,0
DA:49,0
DA:50,0
DA:53,0
LF:18
LH:0
BRDA:30,0,0,0
BRDA:30,0,1,0
BRDA:31,1,0,0
BRDA:31,1,1,0
BRDA:34,2,0,0
BRDA:34,2,1,0
BRDA:35,3,0,0
BRDA:35,3,1,0
BRDA:37,4,0,0
BRDA:37,4,1,0
BRDA:41,5,0,0
BRDA:41,5,1,0
BRDA:41,6,0,0
BRDA:41,6,1,0
BRF:14
BRH:0
end_of_record
TN:
SF:src/hooks/useTvShows.js
FN:4,(anonymous_0)
FN:15,(anonymous_1)
FN:39,(anonymous_2)
FN:52,(anonymous_3)
FN:56,(anonymous_4)
FN:68,(anonymous_5)
FN:73,(anonymous_6)
FN:77,(anonymous_7)
FN:78,(anonymous_8)
FN:95,(anonymous_9)
FN:99,(anonymous_10)
FN:100,(anonymous_11)
FNF:12
FNH:0
FNDA:0,(anonymous_0)
FNDA:0,(anonymous_1)
FNDA:0,(anonymous_2)
FNDA:0,(anonymous_3)
FNDA:0,(anonymous_4)
FNDA:0,(anonymous_5)
FNDA:0,(anonymous_6)
FNDA:0,(anonymous_7)
FNDA:0,(anonymous_8)
FNDA:0,(anonymous_9)
FNDA:0,(anonymous_10)
FNDA:0,(anonymous_11)
DA:4,0
DA:5,0
DA:6,0
DA:7,0
DA:8,0
DA:15,0
DA:16,0
DA:17,0
DA:19,0
DA:21,0
DA:23,0
DA:33,0
DA:35,0
DA:36,0
DA:38,0
DA:39,0
DA:46,0
DA:48,0
DA:52,0
DA:53,0
DA:56,0
DA:57,0
DA:58,0
DA:62,0
DA:68,0
DA:73,0
DA:74,0
DA:75,0
DA:77,0
DA:78,0
DA:79,0
DA:80,0
DA:81,0
DA:83,0
DA:85,0
DA:89,0
DA:92,0
DA:95,0
DA:96,0
DA:97,0
DA:99,0
DA:100,0
DA:101,0
DA:102,0
DA:103,0
DA:105,0
DA:107,0
DA:111,0
DA:114,0
LF:49
LH:0
BRDA:4,0,0,0
BRDA:15,1,0,0
BRDA:21,2,0,0
BRDA:21,2,1,0
BRDA:26,3,0,0
BRDA:26,3,1,0
BRDA:27,4,0,0
BRDA:27,4,1,0
BRDA:28,5,0,0
BRDA:28,5,1,0
BRDA:29,6,0,0
BRDA:29,6,1,0
BRDA:46,7,0,0
BRDA:46,7,1,0
BRDA:57,8,0,0
BRDA:57,8,1,0
BRDA:57,9,0,0
BRDA:57,9,1,0
BRF:18
BRH:0
end_of_record
TN:
SF:src/pages/Login.jsx
FN:6,(anonymous_0)
FN:15,(anonymous_1)
FN:21,(anonymous_2)
FN:233,(anonymous_3)
FN:234,(anonymous_4)
FN:238,(anonymous_5)
FN:259,(anonymous_6)
FN:260,(anonymous_7)
FN:264,(anonymous_8)
FN:279,(anonymous_9)
FN:285,(anonymous_10)
FN:300,(anonymous_11)
FN:304,(anonymous_12)
FN:324,(anonymous_13)
FN:325,(anonymous_14)
FNF:15
FNH:0
FNDA:0,(anonymous_0)
FNDA:0,(anonymous_1)
FNDA:0,(anonymous_2)
FNDA:0,(anonymous_3)
FNDA:0,(anonymous_4)
FNDA:0,(anonymous_5)
FNDA:0,(anonymous_6)
FNDA:0,(anonymous_7)
FNDA:0,(anonymous_8)
FNDA:0,(anonymous_9)
FNDA:0,(anonymous_10)
FNDA:0,(anonymous_11)
FNDA:0,(anonymous_12)
FNDA:0,(anonymous_13)
FNDA:0,(anonymous_14)
DA:6,0
DA:7,0
DA:8,0
DA:9,0
DA:10,0
DA:11,0
DA:12,0
DA:15,0
DA:16,0
DA:17,0
DA:21,0
DA:22,0
DA:23,0
DA:24,0
DA:26,0
DA:27,0
DA:30,0
DA:32,0
DA:33,0
DA:34,0
DA:36,0
DA:40,0
DA:41,0
DA:43,0
DA:48,0
DA:196,0
DA:233,0
DA:235,0
DA:236,0
DA:239,0
DA:240,0
DA:259,0
DA:261,0
DA:262,0
DA:265,0
DA:266,0
DA:280,0
DA:281,0
DA:282,0
DA:286,0
DA:287,0
DA:301,0
DA:302,0
DA:305,0
DA:306,0
DA:324,0
DA:325,0
LF:47
LH:0
BRDA:16,0,0,0
BRDA:16,0,1,0
BRDA:32,1,0,0
BRDA:32,1,1,0
BRDA:36,2,0,0
BRDA:36,2,1,0
BRDA:213,3,0,0
BRDA:213,3,1,0
BRDA:277,4,0,0
BRDA:277,4,1,0
BRDA:280,5,0,0
BRDA:280,5,1,0
BRDA:290,6,0,0
BRDA:290,6,1,0
BRF:14
BRH:0
end_of_record
TN:
SF:src/pages/PrivacyPolicy.jsx
FN:5,(anonymous_0)
FN:8,(anonymous_1)
FNF:2
FNH:0
FNDA:0,(anonymous_0)
FNDA:0,(anonymous_1)
DA:5,0
DA:6,0
DA:8,0
DA:9,0
DA:10,0
DA:11,0
DA:12,0
DA:13,0
DA:14,0
DA:15,0
DA:18,0
LF:11
LH:0
BRF:0
BRH:0
end_of_record
TN:
SF:src/pages/Registration.jsx
FN:4,(anonymous_0)
FN:13,(anonymous_1)
FN:229,(anonymous_2)
FN:230,(anonymous_3)
FN:234,(anonymous_4)
FN:255,(anonymous_5)
FN:256,(anonymous_6)
FN:260,(anonymous_7)
FN:281,(anonymous_8)
FN:282,(anonymous_9)
FN:286,(anonymous_10)
FN:307,(anonymous_11)
FN:308,(anonymous_12)
FN:312,(anonymous_13)
FN:327,(anonymous_14)
FN:333,(anonymous_15)
FN:347,(anonymous_16)
FN:348,(anonymous_17)
FN:358,(anonymous_18)
FN:359,(anonymous_19)
FNF:20
FNH:0
FNDA:0,(anonymous_0)
FNDA:0,(anonymous_1)
FNDA:0,(anonymous_2)
FNDA:0,(anonymous_3)
FNDA:0,(anonymous_4)
FNDA:0,(anonymous_5)
FNDA:0,(anonymous_6)
FNDA:0,(anonymous_7)
FNDA:0,(anonymous_8)
FNDA:0,(anonymous_9)
FNDA:0,(anonymous_10)
FNDA:0,(anonymous_11)
FNDA:0,(anonymous_12)
FNDA:0,(anonymous_13)
FNDA:0,(anonymous_14)
FNDA:0,(anonymous_15)
FNDA:0,(anonymous_16)
FNDA:0,(anonymous_17)
FNDA:0,(anonymous_18)
FNDA:0,(anonymous_19)
DA:4,0
DA:5,0
DA:6,0
DA:7,0
DA:8,0
DA:9,0
DA:10,0
DA:11,0
DA:13,0
DA:14,0
DA:15,0
DA:16,0
DA:19,0
DA:20,0
DA:21,0
DA:22,0
DA:25,0
DA:26,0
DA:27,0
DA:28,0
DA:31,0
DA:32,0
DA:44,0
DA:45,0
DA:46,0
DA:49,0
DA:51,0
DA:54,0
DA:59,0
DA:61,0
DA:66,0
DA:192,0
DA:229,0
DA:231,0
DA:232,0
DA:235,0
DA:236,0
DA:255,0
DA:257,0
DA:258,0
DA:261,0
DA:262,0
DA:281,0
DA:283,0
DA:284,0
DA:287,0
DA:288,0
DA:307,0
DA:309,0
DA:310,0
DA:313,0
DA:314,0
DA:328,0
DA:329,0
DA:330,0
DA:334,0
DA:335,0
DA:347,0
DA:348,0
DA:358,0
DA:359,0
LF:61
LH:0
BRDA:19,0,0,0
BRDA:19,0,1,0
BRDA:25,1,0,0
BRDA:25,1,1,0
BRDA:44,2,0,0
BRDA:44,2,1,0
BRDA:46,3,0,0
BRDA:46,3,1,0
BRDA:209,4,0,0
BRDA:209,4,1,0
BRDA:325,5,0,0
BRDA:325,5,1,0
BRDA:328,6,0,0
BRDA:328,6,1,0
BRDA:338,7,0,0
BRDA:338,7,1,0
BRF:16
BRH:0
end_of_record
TN:
SF:src/pages/TvShows.jsx
FN:6,(anonymous_0)
FN:15,(anonymous_1)
FN:29,(anonymous_2)
FN:42,(anonymous_3)
FN:45,(anonymous_4)
FN:69,(anonymous_5)
FN:73,(anonymous_6)
FN:74,(anonymous_7)
FN:80,(anonymous_8)
FN:85,(anonymous_9)
FN:95,(anonymous_10)
FN:133,(anonymous_11)
FN:174,(anonymous_12)
FN:190,(anonymous_13)
FN:203,(anonymous_14)
FN:206,(anonymous_15)
FN:219,(anonymous_16)
FN:258,(anonymous_17)
FN:283,(anonymous_18)
FN:295,(anonymous_19)
FN:314,(anonymous_20)
FN:326,(anonymous_21)
FN:345,(anonymous_22)
FN:364,(anonymous_23)
FN:456,(anonymous_24)
FN:492,(anonymous_25)
FN:521,(anonymous_26)
FN:538,(anonymous_27)
FN:541,(anonymous_28)
FN:560,(anonymous_29)
FNF:30
FNH:0
FNDA:0,(anonymous_0)
FNDA:0,(anonymous_1)
FNDA:0,(anonymous_2)
FNDA:0,(anonymous_3)
FNDA:0,(anonymous_4)
FNDA:0,(anonymous_5)
FNDA:0,(anonymous_6)
FNDA:0,(anonymous_7)
FNDA:0,(anonymous_8)
FNDA:0,(anonymous_9)
FNDA:0,(anonymous_10)
FNDA:0,(anonymous_11)
FNDA:0,(anonymous_12)
FNDA:0,(anonymous_13)
FNDA:0,(anonymous_14)
FNDA:0,(anonymous_15)
FNDA:0,(anonymous_16)
FNDA:0,(anonymous_17)
FNDA:0,(anonymous_18)
FNDA:0,(anonymous_19)
FNDA:0,(anonymous_20)
FNDA:0,(anonymous_21)
FNDA:0,(anonymous_22)
FNDA:0,(anonymous_23)
FNDA:0,(anonymous_24)
FNDA:0,(anonymous_25)
FNDA:0,(anonymous_26)
FNDA:0,(anonymous_27)
FNDA:0,(anonymous_28)
FNDA:0,(anonymous_29)
DA:6,0
DA:7,0
DA:15,0
DA:16,0
DA:17,0
DA:20,0
DA:29,0
DA:30,0
DA:42,0
DA:43,0
DA:44,0
DA:45,0
DA:46,0
DA:64,0
DA:69,0
DA:70,0
DA:73,0
DA:74,0
DA:80,0
DA:81,0
DA:85,0
DA:86,0
DA:95,0
DA:96,0
DA:97,0
DA:99,0
DA:100,0
DA:102,0
DA:103,0
DA:106,0
DA:107,0
DA:110,0
DA:113,0
DA:114,0
DA:133,0
DA:151,0
DA:174,0
DA:190,0
DA:203,0
DA:206,0
DA:219,0
DA:258,0
DA:283,0
DA:296,0
DA:314,0
DA:327,0
DA:345,0
DA:364,0
DA:457,0
DA:492,0
DA:521,0
DA:539,0
DA:541,0
DA:560,0
LF:54
LH:0
BRDA:15,0,0,0
BRDA:15,1,0,0
BRDA:15,2,0,0
BRDA:15,3,0,0
BRDA:15,4,0,0
BRDA:15,5,0,0
BRDA:15,5,1,0
BRDA:16,6,0,0
BRDA:16,7,0,0
BRDA:16,7,1,0
BRDA:17,8,0,0
BRDA:17,9,0,0
BRDA:17,9,1,0
BRDA:21,10,0,0
BRDA:21,10,1,0
BRDA:22,11,0,0
BRDA:22,11,1,0
BRDA:23,12,0,0
BRDA:23,12,1,0
BRDA:24,13,0,0
BRDA:24,13,1,0
BRDA:25,14,0,0
BRDA:25,14,1,0
BRDA:43,15,0,0
BRDA:43,15,1,0
BRDA:43,16,0,0
BRDA:43,16,1,0
BRDA:58,17,0,0
BRDA:58,17,1,0
BRDA:59,18,0,0
BRDA:59,18,1,0
BRDA:102,19,0,0
BRDA:102,19,1,0
BRDA:113,20,0,0
BRDA:113,20,1,0
BRDA:176,21,0,0
BRDA:176,21,1,0
BRDA:177,22,0,0
BRDA:177,22,1,0
BRDA:192,23,0,0
BRDA:192,23,1,0
BRDA:193,24,0,0
BRDA:193,24,1,0
BRDA:208,25,0,0
BRDA:208,25,1,0
BRDA:209,26,0,0
BRDA:209,26,1,0
BRDA:382,27,0,0
BRDA:382,27,1,0
BRDA:382,27,2,0
BRDA:382,27,3,0
BRDA:392,28,0,0
BRDA:392,28,1,0
BRDA:404,29,0,0
BRDA:404,29,1,0
BRDA:416,30,0,0
BRDA:416,30,1,0
BRDA:433,31,0,0
BRDA:433,31,1,0
BRDA:436,32,0,0
BRDA:436,32,1,0
BRDA:439,33,0,0
BRDA:439,33,1,0
BRDA:446,34,0,0
BRDA:446,34,1,0
BRDA:462,35,0,0
BRDA:462,35,1,0
BRDA:462,35,2,0
BRDA:510,36,0,0
BRDA:510,36,1,0
BRDA:524,37,0,0
BRDA:524,37,1,0
BRDA:525,38,0,0
BRDA:525,38,1,0
BRDA:529,39,0,0
BRDA:529,39,1,0
BRDA:543,40,0,0
BRDA:543,40,1,0
BRDA:563,41,0,0
BRDA:563,41,1,0
BRDA:564,42,0,0
BRDA:564,42,1,0
BRDA:568,43,0,0
BRDA:568,43,1,0
BRF:84
BRH:0
end_of_record
TN:
SF:src/pages/actors/Actors.jsx
FN:7,(anonymous_0)
FN:20,(anonymous_1)
FN:26,(anonymous_2)
FN:39,(anonymous_3)
FN:44,(anonymous_4)
FN:45,(anonymous_5)
FN:56,(anonymous_6)
FN:70,(anonymous_7)
FN:71,(anonymous_8)
FN:77,(anonymous_9)
FN:82,(anonymous_10)
FN:83,(anonymous_11)
FN:91,(anonymous_12)
FN:129,(anonymous_13)
FN:170,(anonymous_14)
FN:187,(anonymous_15)
FN:188,(anonymous_16)
FN:194,(anonymous_17)
FN:258,(anonymous_18)
FN:283,(anonymous_19)
FN:295,(anonymous_20)
FN:314,(anonymous_21)
FN:333,(anonymous_22)
FN:413,(anonymous_23)
FN:449,(anonymous_24)
FN:478,(anonymous_25)
FN:495,(anonymous_26)
FN:498,(anonymous_27)
FN:517,(anonymous_28)
FNF:29
FNH:0
FNDA:0,(anonymous_0)
FNDA:0,(anonymous_1)
FNDA:0,(anonymous_2)
FNDA:0,(anonymous_3)
FNDA:0,(anonymous_4)
FNDA:0,(anonymous_5)
FNDA:0,(anonymous_6)
FNDA:0,(anonymous_7)
FNDA:0,(anonymous_8)
FNDA:0,(anonymous_9)
FNDA:0,(anonymous_10)
FNDA:0,(anonymous_11)
FNDA:0,(anonymous_12)
FNDA:0,(anonymous_13)
FNDA:0,(anonymous_14)
FNDA:0,(anonymous_15)
FNDA:0,(anonymous_16)
FNDA:0,(anonymous_17)
FNDA:0,(anonymous_18)
FNDA:0,(anonymous_19)
FNDA:0,(anonymous_20)
FNDA:0,(anonymous_21)
FNDA:0,(anonymous_22)
FNDA:0,(anonymous_23)
FNDA:0,(anonymous_24)
FNDA:0,(anonymous_25)
FNDA:0,(anonymous_26)
FNDA:0,(anonymous_27)
FNDA:0,(anonymous_28)
DA:7,0
DA:8,0
DA:14,0
DA:16,0
DA:17,0
DA:20,0
DA:21,0
DA:23,0
DA:24,0
DA:26,0
DA:27,0
DA:39,0
DA:40,0
DA:44,0
DA:45,0
DA:46,0
DA:47,0
DA:48,0
DA:50,0
DA:51,0
DA:52,0
DA:54,0
DA:56,0
DA:57,0
DA:59,0
DA:61,0
DA:63,0
DA:67,0
DA:70,0
DA:71,0
DA:77,0
DA:78,0
DA:82,0
DA:83,0
DA:91,0
DA:92,0
DA:93,0
DA:95,0
DA:96,0
DA:98,0
DA:99,0
DA:102,0
DA:103,0
DA:106,0
DA:109,0
DA:110,0
DA:129,0
DA:147,0
DA:170,0
DA:188,0
DA:189,0
DA:191,0
DA:194,0
DA:258,0
DA:283,0
DA:296,0
DA:314,0
DA:333,0
DA:414,0
DA:449,0
DA:478,0
DA:496,0
DA:498,0
DA:517,0
LF:64
LH:0
BRDA:23,0,0,0
BRDA:23,0,1,0
BRDA:52,1,0,0
BRDA:52,1,1,0
BRDA:85,2,0,0
BRDA:85,2,1,0
BRDA:98,3,0,0
BRDA:98,3,1,0
BRDA:109,4,0,0
BRDA:109,4,1,0
BRDA:172,5,0,0
BRDA:172,5,1,0
BRDA:172,6,0,0
BRDA:172,6,1,0
BRDA:173,7,0,0
BRDA:173,7,1,0
BRDA:173,8,0,0
BRDA:173,8,1,0
BRDA:187,9,0,0
BRDA:187,9,1,0
BRDA:196,10,0,0
BRDA:196,10,1,0
BRDA:197,11,0,0
BRDA:197,11,1,0
BRDA:212,12,0,0
BRDA:212,12,1,0
BRDA:351,13,0,0
BRDA:351,13,1,0
BRDA:351,13,2,0
BRDA:361,14,0,0
BRDA:361,14,1,0
BRDA:373,15,0,0
BRDA:373,15,1,0
BRDA:390,16,0,0
BRDA:390,16,1,0
BRDA:393,17,0,0
BRDA:393,17,1,0
BRDA:396,18,0,0
BRDA:396,18,1,0
BRDA:403,19,0,0
BRDA:403,19,1,0
BRDA:419,20,0,0
BRDA:419,20,1,0
BRDA:419,20,2,0
BRDA:467,21,0,0
BRDA:467,21,1,0
BRDA:481,22,0,0
BRDA:481,22,1,0
BRDA:482,23,0,0
BRDA:482,23,1,0
BRDA:486,24,0,0
BRDA:486,24,1,0
BRDA:500,25,0,0
BRDA:500,25,1,0
BRDA:520,26,0,0
BRDA:520,26,1,0
BRDA:521,27,0,0
BRDA:521,27,1,0
BRDA:525,28,0,0
BRDA:525,28,1,0
BRF:60
BRH:0
end_of_record
TN:
SF:src/pages/auth/UserProfile.jsx
FN:7,(anonymous_0)
FN:15,(anonymous_1)
FN:20,(anonymous_2)
FN:52,(anonymous_3)
FN:57,(anonymous_4)
FN:69,(anonymous_5)
FN:314,(anonymous_6)
FN:315,(anonymous_7)
FN:318,(anonymous_8)
FN:385,(anonymous_9)
FN:413,(anonymous_10)
FN:417,(anonymous_11)
FN:428,(anonymous_12)
FN:431,(anonymous_13)
FNF:14
FNH:0
FNDA:0,(anonymous_0)
FNDA:0,(anonymous_1)
FNDA:0,(anonymous_2)
FNDA:0,(anonymous_3)
FNDA:0,(anonymous_4)
FNDA:0,(anonymous_5)
FNDA:0,(anonymous_6)
FNDA:0,(anonymous_7)
FNDA:0,(anonymous_8)
FNDA:0,(anonymous_9)
FNDA:0,(anonymous_10)
FNDA:0,(anonymous_11)
FNDA:0,(anonymous_12)
FNDA:0,(anonymous_13)
DA:7,0
DA:8,0
DA:9,0
DA:10,0
DA:11,0
DA:12,0
DA:13,0
DA:15,0
DA:16,0
DA:17,0
DA:20,0
DA:21,0
DA:22,0
DA:23,0
DA:25,0
DA:26,0
DA:27,0
DA:30,0
DA:37,0
DA:38,0
DA:41,0
DA:42,0
DA:45,0
DA:46,0
DA:48,0
DA:52,0
DA:53,0
DA:54,0
DA:57,0
DA:58,0
DA:59,0
DA:60,0
DA:61,0
DA:63,0
DA:69,0
DA:70,0
DA:71,0
DA:74,0
DA:297,0
DA:298,0
DA:307,0
DA:308,0
DA:314,0
DA:316,0
DA:319,0
DA:329,0
DA:385,0
DA:414,0
DA:415,0
DA:418,0
DA:419,0
DA:429,0
DA:432,0
LF:53
LH:0
BRDA:25,0,0,0
BRDA:25,0,1,0
BRDA:37,1,0,0
BRDA:37,1,1,0
BRDA:60,2,0,0
BRDA:60,2,1,0
BRDA:297,3,0,0
BRDA:297,3,1,0
BRDA:307,4,0,0
BRDA:307,4,1,0
BRDA:344,5,0,0
BRDA:344,5,1,0
BRDA:357,6,0,0
BRDA:357,6,1,0
BRDA:374,7,0,0
BRDA:374,7,1,0
BRDA:377,8,0,0
BRDA:377,8,1,0
BRF:18
BRH:0
end_of_record
TN:
SF:src/services/api.js
FN:14,(anonymous_0)
FN:28,(anonymous_1)
FN:35,(anonymous_2)
FN:43,(anonymous_3)
FN:62,(anonymous_4)
FN:63,(anonymous_5)
FN:67,(anonymous_6)
FN:71,(anonymous_7)
FN:75,(anonymous_8)
FN:79,(anonymous_9)
FN:83,(anonymous_10)
FN:90,(anonymous_11)
FN:102,(anonymous_12)
FN:106,(anonymous_13)
FN:110,(anonymous_14)
FN:117,(anonymous_15)
FN:121,(anonymous_16)
FN:125,(anonymous_17)
FN:132,(anonymous_18)
FN:136,(anonymous_19)
FN:140,(anonymous_20)
FN:147,(anonymous_21)
FN:151,(anonymous_22)
FN:155,(anonymous_23)
FNF:24
FNH:0
FNDA:0,(anonymous_0)
FNDA:0,(anonymous_1)
FNDA:0,(anonymous_2)
FNDA:0,(anonymous_3)
FNDA:0,(anonymous_4)
FNDA:0,(anonymous_5)
FNDA:0,(anonymous_6)
FNDA:0,(anonymous_7)
FNDA:0,(anonymous_8)
FNDA:0,(anonymous_9)
FNDA:0,(anonymous_10)
FNDA:0,(anonymous_11)
FNDA:0,(anonymous_12)
FNDA:0,(anonymous_13)
FNDA:0,(anonymous_14)
FNDA:0,(anonymous_15)
FNDA:0,(anonymous_16)
FNDA:0,(anonymous_17)
FNDA:0,(anonymous_18)
FNDA:0,(anonymous_19)
FNDA:0,(anonymous_20)
FNDA:0,(anonymous_21)
FNDA:0,(anonymous_22)
FNDA:0,(anonymous_23)
DA:4,1
DA:7,1
DA:13,1
DA:15,0
DA:16,0
DA:17,0
DA:21,0
DA:26,0
DA:29,0
DA:34,1
DA:37,0
DA:41,0
DA:45,0
DA:50,0
DA:52,0
DA:53,0
DA:54,0
DA:56,0
DA:61,1
DA:62,0
DA:63,0
DA:66,1
DA:68,0
DA:69,0
DA:72,0
DA:73,0
DA:76,0
DA:77,0
DA:80,0
DA:81,0
DA:84,0
DA:85,0
DA:89,1
DA:91,0
DA:92,0
DA:103,0
DA:104,0
DA:107,0
DA:108,0
DA:111,0
DA:112,0
DA:116,1
DA:118,0
DA:119,0
DA:122,0
DA:123,0
DA:126,0
DA:127,0
DA:131,1
DA:133,0
DA:134,0
DA:137,0
DA:138,0
DA:141,0
DA:142,0
DA:146,1
DA:148,0
DA:149,0
DA:152,0
DA:153,0
DA:156,0
DA:157,0
LF:62
LH:10
BRDA:16,0,0,0
BRDA:16,0,1,0
BRDA:39,1,0,0
BRDA:39,1,1,0
BRDA:39,1,2,0
BRDA:50,2,0,0
BRDA:50,2,1,0
BRDA:67,3,0,0
BRDA:90,4,0,0
BRDA:94,5,0,0
BRDA:94,5,1,0
BRDA:95,6,0,0
BRDA:95,6,1,0
BRDA:96,7,0,0
BRDA:96,7,1,0
BRDA:97,8,0,0
BRDA:97,8,1,0
BRDA:98,9,0,0
BRDA:98,9,1,0
BRF:19
BRH:0
end_of_record
TN:
SF:src/services/backgroundWorker.js
FN:6,(anonymous_0)
FN:13,(anonymous_1)
FN:20,(anonymous_2)
FN:25,(anonymous_3)
FN:30,(anonymous_4)
FN:38,(anonymous_5)
FN:83,(anonymous_6)
FN:93,(anonymous_7)
FN:111,(anonymous_8)
FN:122,(anonymous_9)
FN:132,(anonymous_10)
FN:139,(anonymous_11)
FNF:12
FNH:0
FNDA:0,(anonymous_0)
FNDA:0,(anonymous_1)
FNDA:0,(anonymous_2)
FNDA:0,(anonymous_3)
FNDA:0,(anonymous_4)
FNDA:0,(anonymous_5)
FNDA:0,(anonymous_6)
FNDA:0,(anonymous_7)
FNDA:0,(anonymous_8)
FNDA:0,(anonymous_9)
FNDA:0,(anonymous_10)
FNDA:0,(anonymous_11)
DA:7,0
DA:8,0
DA:9,0
DA:14,0
DA:16,0
DA:17,0
DA:20,0
DA:21,0
DA:25,0
DA:26,0
DA:31,0
DA:32,0
DA:33,0
DA:35,0
DA:39,0
DA:40,0
DA:43,0
DA:44,0
DA:45,0
DA:46,0
DA:50,0
DA:51,0
DA:53,0
DA:54,0
DA:55,0
DA:58,0
DA:61,0
DA:63,0
DA:64,0
DA:69,0
DA:70,0
DA:71,0
DA:73,0
DA:76,0
DA:79,0
DA:84,0
DA:85,0
DA:88,0
DA:89,0
DA:91,0
DA:93,0
DA:104,0
DA:107,0
DA:113,0
DA:115,0
DA:116,0
DA:117,0
DA:120,0
DA:122,0
DA:133,0
DA:134,0
DA:135,0
DA:140,0
DA:148,0
LF:54
LH:0
BRDA:14,0,0,0
BRDA:14,0,1,0
BRDA:32,1,0,0
BRDA:32,1,1,0
BRDA:44,2,0,0
BRDA:44,2,1,0
BRDA:53,3,0,0
BRDA:53,3,1,0
BRDA:53,4,0,0
BRDA:53,4,1,0
BRDA:63,5,0,0
BRDA:63,5,1,0
BRDA:69,6,0,0
BRDA:69,6,1,0
BRDA:113,7,0,0
BRDA:113,7,1,0
BRDA:115,8,0,0
BRDA:115,8,1,0
BRDA:143,9,0,0
BRDA:143,9,1,0
BRF:20
BRH:0
end_of_record
TN:
SF:src/services/emailService.js
FN:3,(anonymous_0)
FN:5,(anonymous_1)
FN:12,(anonymous_2)
FN:27,(anonymous_3)
FN:36,(anonymous_4)
FN:64,(anonymous_5)
FNF:6
FNH:0
FNDA:0,(anonymous_0)
FNDA:0,(anonymous_1)
FNDA:0,(anonymous_2)
FNDA:0,(anonymous_3)
FNDA:0,(anonymous_4)
FNDA:0,(anonymous_5)
DA:2,0
DA:4,0
DA:5,0
DA:7,0
DA:12,0
DA:15,0
DA:16,0
DA:18,0
DA:19,0
DA:22,0
DA:23,0
DA:28,0
DA:36,0
DA:65,0
DA:82,0
LF:15
LH:0
BRDA:40,0,0,0
BRDA:40,0,1,0
BRDA:41,1,0,0
BRDA:41,1,1,0
BRDA:42,2,0,0
BRDA:42,2,1,0
BRDA:44,3,0,0
BRDA:44,3,1,0
BRF:8
BRH:0
end_of_record
TN:
SF:src/services/exportService.js
FN:5,(anonymous_0)
FN:15,(anonymous_1)
FN:16,(anonymous_2)
FN:31,(anonymous_3)
FN:58,(anonymous_4)
FN:72,(anonymous_5)
FN:90,(anonymous_6)
FNF:7
FNH:0
FNDA:0,(anonymous_0)
FNDA:0,(anonymous_1)
FNDA:0,(anonymous_2)
FNDA:0,(anonymous_3)
FNDA:0,(anonymous_4)
FNDA:0,(anonymous_5)
FNDA:0,(anonymous_6)
DA:4,0
DA:6,0
DA:7,0
DA:8,0
DA:11,0
DA:12,0
DA:13,0
DA:16,0
DA:17,0
DA:22,0
DA:23,0
DA:24,0
DA:26,0
DA:27,0
DA:32,0
DA:33,0
DA:34,0
DA:37,0
DA:38,0
DA:39,0
DA:40,0
DA:43,0
DA:44,0
DA:45,0
DA:46,0
DA:49,0
DA:50,0
DA:51,0
DA:52,0
DA:55,0
DA:56,0
DA:58,0
DA:60,0
DA:61,0
DA:62,0
DA:66,0
DA:67,0
DA:68,0
DA:71,0
DA:72,0
DA:73,0
DA:74,0
DA:75,0
DA:79,0
DA:82,0
DA:83,0
DA:85,0
DA:86,0
DA:91,0
DA:92,0
DA:93,0
DA:94,0
DA:95,0
DA:96,0
DA:97,0
DA:98,0
LF:56
LH:0
BRDA:5,0,0,0
BRDA:6,1,0,0
BRDA:6,1,1,0
BRDA:6,2,0,0
BRDA:6,2,1,0
BRDA:17,3,0,0
BRDA:17,3,1,0
BRDA:31,4,0,0
BRDA:32,5,0,0
BRDA:32,5,1,0
BRDA:32,6,0,0
BRDA:32,6,1,0
BRDA:60,7,0,0
BRDA:60,7,1,0
BRDA:67,8,0,0
BRDA:67,8,1,0
BRDA:73,9,0,0
BRDA:73,9,1,0
BRDA:73,10,0,0
BRDA:73,10,1,0
BRF:20
BRH:0
end_of_record
